mode: set
github.com/cyansnbrst/pvz-service/cmd/api/main.go:13.13,17.16 3 0
github.com/cyansnbrst/pvz-service/cmd/api/main.go:17.16,19.3 1 0
github.com/cyansnbrst/pvz-service/cmd/api/main.go:21.2,22.16 2 0
github.com/cyansnbrst/pvz-service/cmd/api/main.go:22.16,24.3 1 0
github.com/cyansnbrst/pvz-service/cmd/api/main.go:25.2,25.15 1 0
github.com/cyansnbrst/pvz-service/cmd/api/main.go:25.15,26.39 1 0
github.com/cyansnbrst/pvz-service/cmd/api/main.go:26.39,28.4 1 0
github.com/cyansnbrst/pvz-service/cmd/api/main.go:31.2,32.16 2 0
github.com/cyansnbrst/pvz-service/cmd/api/main.go:32.16,34.3 1 0
github.com/cyansnbrst/pvz-service/cmd/api/main.go:35.2,39.31 4 0
github.com/cyansnbrst/pvz-service/cmd/api/main.go:39.31,41.3 1 0
github.com/cyansnbrst/pvz-service/config/config.go:51.51,55.16 3 0
github.com/cyansnbrst/pvz-service/config/config.go:55.16,57.3 1 0
github.com/cyansnbrst/pvz-service/config/config.go:59.2,60.16 2 0
github.com/cyansnbrst/pvz-service/config/config.go:60.16,62.3 1 0
github.com/cyansnbrst/pvz-service/config/config.go:64.2,64.18 1 0
github.com/cyansnbrst/pvz-service/gen/pvzapi/pvz.gen.go:223.73,229.2 3 0
github.com/cyansnbrst/pvz-service/gen/pvzapi/pvz.gen.go:232.68,238.2 3 0
github.com/cyansnbrst/pvz-service/gen/pvzapi/pvz.gen.go:241.71,249.2 4 0
github.com/cyansnbrst/pvz-service/gen/pvzapi/pvz.gen.go:252.65,262.16 5 0
github.com/cyansnbrst/pvz-service/gen/pvzapi/pvz.gen.go:262.16,264.3 1 0
github.com/cyansnbrst/pvz-service/gen/pvzapi/pvz.gen.go:268.2,269.16 2 0
github.com/cyansnbrst/pvz-service/gen/pvzapi/pvz.gen.go:269.16,271.3 1 0
github.com/cyansnbrst/pvz-service/gen/pvzapi/pvz.gen.go:275.2,276.16 2 0
github.com/cyansnbrst/pvz-service/gen/pvzapi/pvz.gen.go:276.16,278.3 1 0
github.com/cyansnbrst/pvz-service/gen/pvzapi/pvz.gen.go:282.2,283.16 2 0
github.com/cyansnbrst/pvz-service/gen/pvzapi/pvz.gen.go:283.16,285.3 1 0
github.com/cyansnbrst/pvz-service/gen/pvzapi/pvz.gen.go:288.2,289.12 2 0
github.com/cyansnbrst/pvz-service/gen/pvzapi/pvz.gen.go:293.66,301.2 4 0
github.com/cyansnbrst/pvz-service/gen/pvzapi/pvz.gen.go:304.89,310.16 4 0
github.com/cyansnbrst/pvz-service/gen/pvzapi/pvz.gen.go:310.16,312.3 1 0
github.com/cyansnbrst/pvz-service/gen/pvzapi/pvz.gen.go:314.2,318.12 3 0
github.com/cyansnbrst/pvz-service/gen/pvzapi/pvz.gen.go:322.88,328.16 4 0
github.com/cyansnbrst/pvz-service/gen/pvzapi/pvz.gen.go:328.16,330.3 1 0
github.com/cyansnbrst/pvz-service/gen/pvzapi/pvz.gen.go:332.2,336.12 3 0
github.com/cyansnbrst/pvz-service/gen/pvzapi/pvz.gen.go:340.73,348.2 4 0
github.com/cyansnbrst/pvz-service/gen/pvzapi/pvz.gen.go:351.71,357.2 3 0
github.com/cyansnbrst/pvz-service/gen/pvzapi/pvz.gen.go:375.62,377.2 1 0
github.com/cyansnbrst/pvz-service/gen/pvzapi/pvz.gen.go:381.89,397.2 10 0
github.com/cyansnbrst/pvz-service/internal/middleware/auth.go:15.73,22.36 2 0
github.com/cyansnbrst/pvz-service/internal/middleware/auth.go:22.36,25.33 2 0
github.com/cyansnbrst/pvz-service/internal/middleware/auth.go:25.33,27.4 1 0
github.com/cyansnbrst/pvz-service/internal/middleware/auth.go:29.3,31.23 2 0
github.com/cyansnbrst/pvz-service/internal/middleware/auth.go:31.23,33.4 1 0
github.com/cyansnbrst/pvz-service/internal/middleware/auth.go:35.3,36.26 2 0
github.com/cyansnbrst/pvz-service/internal/middleware/auth.go:36.26,38.4 1 0
github.com/cyansnbrst/pvz-service/internal/middleware/auth.go:40.3,41.17 2 0
github.com/cyansnbrst/pvz-service/internal/middleware/auth.go:41.17,42.44 1 0
github.com/cyansnbrst/pvz-service/internal/middleware/auth.go:42.44,44.5 1 0
github.com/cyansnbrst/pvz-service/internal/middleware/auth.go:46.4,46.52 1 0
github.com/cyansnbrst/pvz-service/internal/middleware/auth.go:49.3,50.17 2 0
github.com/cyansnbrst/pvz-service/internal/middleware/context.go:14.63,16.2 1 0
github.com/cyansnbrst/pvz-service/internal/middleware/context.go:19.66,21.9 2 0
github.com/cyansnbrst/pvz-service/internal/middleware/context.go:21.9,23.3 1 0
github.com/cyansnbrst/pvz-service/internal/middleware/context.go:24.2,24.18 1 0
github.com/cyansnbrst/pvz-service/internal/middleware/metrics.go:12.82,13.54 1 0
github.com/cyansnbrst/pvz-service/internal/middleware/metrics.go:13.54,14.37 1 0
github.com/cyansnbrst/pvz-service/internal/middleware/metrics.go:14.37,20.18 4 0
github.com/cyansnbrst/pvz-service/internal/middleware/metrics.go:20.18,22.5 1 0
github.com/cyansnbrst/pvz-service/internal/middleware/metrics.go:22.10,24.5 1 0
github.com/cyansnbrst/pvz-service/internal/middleware/metrics.go:26.4,29.14 3 0
github.com/cyansnbrst/pvz-service/internal/middleware/middlewares.go:16.66,21.2 1 0
github.com/cyansnbrst/pvz-service/internal/pvz/delivery/http/handlers.go:32.107,38.2 1 0
github.com/cyansnbrst/pvz-service/internal/pvz/delivery/http/handlers.go:41.60,44.37 2 0
github.com/cyansnbrst/pvz-service/internal/pvz/delivery/http/handlers.go:44.37,46.3 1 0
github.com/cyansnbrst/pvz-service/internal/pvz/delivery/http/handlers.go:48.2,48.20 1 0
github.com/cyansnbrst/pvz-service/internal/pvz/delivery/http/handlers.go:48.20,50.3 1 0
github.com/cyansnbrst/pvz-service/internal/pvz/delivery/http/handlers.go:52.2,52.117 1 0
github.com/cyansnbrst/pvz-service/internal/pvz/delivery/http/handlers.go:52.117,54.3 1 0
github.com/cyansnbrst/pvz-service/internal/pvz/delivery/http/handlers.go:56.2,57.16 2 0
github.com/cyansnbrst/pvz-service/internal/pvz/delivery/http/handlers.go:57.16,59.3 1 0
github.com/cyansnbrst/pvz-service/internal/pvz/delivery/http/handlers.go:61.2,63.36 2 0
github.com/cyansnbrst/pvz-service/internal/pvz/delivery/http/handlers.go:67.58,70.37 2 0
github.com/cyansnbrst/pvz-service/internal/pvz/delivery/http/handlers.go:70.37,72.3 1 0
github.com/cyansnbrst/pvz-service/internal/pvz/delivery/http/handlers.go:74.2,74.61 1 0
github.com/cyansnbrst/pvz-service/internal/pvz/delivery/http/handlers.go:74.61,76.3 1 0
github.com/cyansnbrst/pvz-service/internal/pvz/delivery/http/handlers.go:78.2,78.65 1 0
github.com/cyansnbrst/pvz-service/internal/pvz/delivery/http/handlers.go:78.65,80.3 1 0
github.com/cyansnbrst/pvz-service/internal/pvz/delivery/http/handlers.go:82.2,83.16 2 0
github.com/cyansnbrst/pvz-service/internal/pvz/delivery/http/handlers.go:83.16,84.43 1 0
github.com/cyansnbrst/pvz-service/internal/pvz/delivery/http/handlers.go:84.43,86.4 1 0
github.com/cyansnbrst/pvz-service/internal/pvz/delivery/http/handlers.go:87.3,87.50 1 0
github.com/cyansnbrst/pvz-service/internal/pvz/delivery/http/handlers.go:90.2,92.41 2 0
github.com/cyansnbrst/pvz-service/internal/pvz/delivery/http/handlers.go:96.55,99.37 2 0
github.com/cyansnbrst/pvz-service/internal/pvz/delivery/http/handlers.go:99.37,101.3 1 0
github.com/cyansnbrst/pvz-service/internal/pvz/delivery/http/handlers.go:103.2,103.43 1 0
github.com/cyansnbrst/pvz-service/internal/pvz/delivery/http/handlers.go:103.43,105.3 1 0
github.com/cyansnbrst/pvz-service/internal/pvz/delivery/http/handlers.go:107.2,108.16 2 0
github.com/cyansnbrst/pvz-service/internal/pvz/delivery/http/handlers.go:108.16,109.89 1 0
github.com/cyansnbrst/pvz-service/internal/pvz/delivery/http/handlers.go:109.89,111.4 1 0
github.com/cyansnbrst/pvz-service/internal/pvz/delivery/http/handlers.go:112.3,112.50 1 0
github.com/cyansnbrst/pvz-service/internal/pvz/delivery/http/handlers.go:115.2,115.68 1 0
github.com/cyansnbrst/pvz-service/internal/pvz/delivery/http/handlers.go:119.53,121.16 2 0
github.com/cyansnbrst/pvz-service/internal/pvz/delivery/http/handlers.go:121.16,123.3 1 0
github.com/cyansnbrst/pvz-service/internal/pvz/delivery/http/handlers.go:125.2,125.38 1 0
github.com/cyansnbrst/pvz-service/internal/pvz/delivery/http/handlers.go:125.38,127.3 1 0
github.com/cyansnbrst/pvz-service/internal/pvz/delivery/http/handlers.go:129.2,131.37 2 0
github.com/cyansnbrst/pvz-service/internal/pvz/delivery/http/handlers.go:131.37,133.3 1 0
github.com/cyansnbrst/pvz-service/internal/pvz/delivery/http/handlers.go:135.2,135.20 1 0
github.com/cyansnbrst/pvz-service/internal/pvz/delivery/http/handlers.go:135.20,137.3 1 0
github.com/cyansnbrst/pvz-service/internal/pvz/delivery/http/handlers.go:139.2,145.30 2 0
github.com/cyansnbrst/pvz-service/internal/pvz/delivery/http/handlers.go:145.30,147.3 1 0
github.com/cyansnbrst/pvz-service/internal/pvz/delivery/http/handlers.go:149.2,150.16 2 0
github.com/cyansnbrst/pvz-service/internal/pvz/delivery/http/handlers.go:150.16,151.41 1 0
github.com/cyansnbrst/pvz-service/internal/pvz/delivery/http/handlers.go:151.41,153.4 1 0
github.com/cyansnbrst/pvz-service/internal/pvz/delivery/http/handlers.go:154.3,154.50 1 0
github.com/cyansnbrst/pvz-service/internal/pvz/delivery/http/handlers.go:157.2,157.22 1 0
github.com/cyansnbrst/pvz-service/internal/pvz/delivery/http/handlers.go:157.22,159.3 1 0
github.com/cyansnbrst/pvz-service/internal/pvz/delivery/http/handlers.go:161.2,163.41 2 0
github.com/cyansnbrst/pvz-service/internal/pvz/delivery/http/handlers.go:167.60,169.16 2 0
github.com/cyansnbrst/pvz-service/internal/pvz/delivery/http/handlers.go:169.16,171.3 1 0
github.com/cyansnbrst/pvz-service/internal/pvz/delivery/http/handlers.go:173.2,173.37 1 0
github.com/cyansnbrst/pvz-service/internal/pvz/delivery/http/handlers.go:173.37,175.3 1 0
github.com/cyansnbrst/pvz-service/internal/pvz/delivery/http/handlers.go:177.2,179.37 2 0
github.com/cyansnbrst/pvz-service/internal/pvz/delivery/http/handlers.go:179.37,181.3 1 0
github.com/cyansnbrst/pvz-service/internal/pvz/delivery/http/handlers.go:183.2,183.27 1 0
github.com/cyansnbrst/pvz-service/internal/pvz/delivery/http/handlers.go:183.27,185.3 1 0
github.com/cyansnbrst/pvz-service/internal/pvz/delivery/http/handlers.go:187.2,188.16 2 0
github.com/cyansnbrst/pvz-service/internal/pvz/delivery/http/handlers.go:188.16,189.46 1 0
github.com/cyansnbrst/pvz-service/internal/pvz/delivery/http/handlers.go:189.46,191.4 1 0
github.com/cyansnbrst/pvz-service/internal/pvz/delivery/http/handlers.go:192.3,192.50 1 0
github.com/cyansnbrst/pvz-service/internal/pvz/delivery/http/handlers.go:195.2,195.22 1 0
github.com/cyansnbrst/pvz-service/internal/pvz/delivery/http/handlers.go:195.22,197.3 1 0
github.com/cyansnbrst/pvz-service/internal/pvz/delivery/http/handlers.go:199.2,201.41 2 0
github.com/cyansnbrst/pvz-service/internal/pvz/delivery/http/handlers.go:205.58,207.16 2 0
github.com/cyansnbrst/pvz-service/internal/pvz/delivery/http/handlers.go:207.16,209.3 1 0
github.com/cyansnbrst/pvz-service/internal/pvz/delivery/http/handlers.go:211.2,211.37 1 0
github.com/cyansnbrst/pvz-service/internal/pvz/delivery/http/handlers.go:211.37,213.3 1 0
github.com/cyansnbrst/pvz-service/internal/pvz/delivery/http/handlers.go:215.2,217.37 2 0
github.com/cyansnbrst/pvz-service/internal/pvz/delivery/http/handlers.go:217.37,219.3 1 0
github.com/cyansnbrst/pvz-service/internal/pvz/delivery/http/handlers.go:221.2,221.45 1 0
github.com/cyansnbrst/pvz-service/internal/pvz/delivery/http/handlers.go:221.45,223.3 1 0
github.com/cyansnbrst/pvz-service/internal/pvz/delivery/http/handlers.go:225.2,231.29 2 0
github.com/cyansnbrst/pvz-service/internal/pvz/delivery/http/handlers.go:231.29,233.3 1 0
github.com/cyansnbrst/pvz-service/internal/pvz/delivery/http/handlers.go:235.2,236.16 2 0
github.com/cyansnbrst/pvz-service/internal/pvz/delivery/http/handlers.go:236.16,237.44 1 0
github.com/cyansnbrst/pvz-service/internal/pvz/delivery/http/handlers.go:237.44,239.4 1 0
github.com/cyansnbrst/pvz-service/internal/pvz/delivery/http/handlers.go:240.3,240.50 1 0
github.com/cyansnbrst/pvz-service/internal/pvz/delivery/http/handlers.go:243.2,243.22 1 0
github.com/cyansnbrst/pvz-service/internal/pvz/delivery/http/handlers.go:243.22,245.3 1 0
github.com/cyansnbrst/pvz-service/internal/pvz/delivery/http/handlers.go:247.2,249.41 2 0
github.com/cyansnbrst/pvz-service/internal/pvz/delivery/http/handlers.go:253.100,255.16 2 0
github.com/cyansnbrst/pvz-service/internal/pvz/delivery/http/handlers.go:255.16,257.3 1 0
github.com/cyansnbrst/pvz-service/internal/pvz/delivery/http/handlers.go:259.2,259.37 1 0
github.com/cyansnbrst/pvz-service/internal/pvz/delivery/http/handlers.go:259.37,261.3 1 0
github.com/cyansnbrst/pvz-service/internal/pvz/delivery/http/handlers.go:263.2,264.16 2 0
github.com/cyansnbrst/pvz-service/internal/pvz/delivery/http/handlers.go:264.16,265.80 1 0
github.com/cyansnbrst/pvz-service/internal/pvz/delivery/http/handlers.go:265.80,267.4 1 0
github.com/cyansnbrst/pvz-service/internal/pvz/delivery/http/handlers.go:268.3,268.50 1 0
github.com/cyansnbrst/pvz-service/internal/pvz/delivery/http/handlers.go:271.2,271.35 1 0
github.com/cyansnbrst/pvz-service/internal/pvz/delivery/http/handlers.go:275.101,277.16 2 0
github.com/cyansnbrst/pvz-service/internal/pvz/delivery/http/handlers.go:277.16,279.3 1 0
github.com/cyansnbrst/pvz-service/internal/pvz/delivery/http/handlers.go:281.2,281.37 1 0
github.com/cyansnbrst/pvz-service/internal/pvz/delivery/http/handlers.go:281.37,283.3 1 0
github.com/cyansnbrst/pvz-service/internal/pvz/delivery/http/handlers.go:285.2,286.16 2 0
github.com/cyansnbrst/pvz-service/internal/pvz/delivery/http/handlers.go:286.16,287.44 1 0
github.com/cyansnbrst/pvz-service/internal/pvz/delivery/http/handlers.go:287.44,289.4 1 0
github.com/cyansnbrst/pvz-service/internal/pvz/delivery/http/handlers.go:290.3,290.50 1 0
github.com/cyansnbrst/pvz-service/internal/pvz/delivery/http/handlers.go:293.2,295.36 2 0
github.com/cyansnbrst/pvz-service/internal/pvz/delivery/http/handlers.go:299.80,301.16 2 0
github.com/cyansnbrst/pvz-service/internal/pvz/delivery/http/handlers.go:301.16,303.3 1 0
github.com/cyansnbrst/pvz-service/internal/pvz/delivery/http/handlers.go:305.2,305.73 1 0
github.com/cyansnbrst/pvz-service/internal/pvz/delivery/http/handlers.go:305.73,307.3 1 0
github.com/cyansnbrst/pvz-service/internal/pvz/delivery/http/handlers.go:309.2,310.16 2 0
github.com/cyansnbrst/pvz-service/internal/pvz/delivery/http/handlers.go:310.16,311.50 1 0
github.com/cyansnbrst/pvz-service/internal/pvz/delivery/http/handlers.go:311.50,313.4 1 0
github.com/cyansnbrst/pvz-service/internal/pvz/delivery/http/handlers.go:314.3,314.50 1 0
github.com/cyansnbrst/pvz-service/internal/pvz/delivery/http/handlers.go:317.2,318.27 2 0
github.com/cyansnbrst/pvz-service/internal/pvz/delivery/http/handlers.go:318.27,320.3 1 0
github.com/cyansnbrst/pvz-service/internal/pvz/delivery/http/handlers.go:322.2,322.36 1 0
github.com/cyansnbrst/pvz-service/internal/pvz/delivery/grpc/handlers.go:24.85,26.2 1 0
github.com/cyansnbrst/pvz-service/internal/pvz/delivery/grpc/handlers.go:29.122,31.16 2 0
github.com/cyansnbrst/pvz-service/internal/pvz/delivery/grpc/handlers.go:31.16,34.3 2 0
github.com/cyansnbrst/pvz-service/internal/pvz/delivery/grpc/handlers.go:36.2,37.25 2 0
github.com/cyansnbrst/pvz-service/internal/pvz/delivery/grpc/handlers.go:37.25,39.3 1 0
github.com/cyansnbrst/pvz-service/internal/pvz/delivery/grpc/handlers.go:41.2,41.53 1 0
github.com/cyansnbrst/pvz-service/internal/pvz/mock/pg_repository_mock.go:29.65,33.2 3 0
github.com/cyansnbrst/pvz-service/internal/pvz/mock/pg_repository_mock.go:36.63,38.2 1 0
github.com/cyansnbrst/pvz-service/internal/pvz/mock/pg_repository_mock.go:41.131,47.2 5 0
github.com/cyansnbrst/pvz-service/internal/pvz/mock/pg_repository_mock.go:50.111,53.2 2 0
github.com/cyansnbrst/pvz-service/internal/pvz/mock/pg_repository_mock.go:56.110,62.2 5 0
github.com/cyansnbrst/pvz-service/internal/pvz/mock/pg_repository_mock.go:65.95,68.2 2 0
github.com/cyansnbrst/pvz-service/internal/pvz/mock/pg_repository_mock.go:71.79,76.2 4 0
github.com/cyansnbrst/pvz-service/internal/pvz/mock/pg_repository_mock.go:79.84,82.2 2 0
github.com/cyansnbrst/pvz-service/internal/pvz/mock/pg_repository_mock.go:85.120,91.2 5 0
github.com/cyansnbrst/pvz-service/internal/pvz/mock/pg_repository_mock.go:94.105,97.2 2 0
github.com/cyansnbrst/pvz-service/internal/pvz/mock/pg_repository_mock.go:100.82,105.2 4 0
github.com/cyansnbrst/pvz-service/internal/pvz/mock/pg_repository_mock.go:108.86,111.2 2 0
github.com/cyansnbrst/pvz-service/internal/pvz/mock/pg_repository_mock.go:114.88,119.2 4 0
github.com/cyansnbrst/pvz-service/internal/pvz/mock/pg_repository_mock.go:122.94,125.2 2 0
github.com/cyansnbrst/pvz-service/internal/pvz/mock/pg_repository_mock.go:128.80,134.2 5 0
github.com/cyansnbrst/pvz-service/internal/pvz/mock/pg_repository_mock.go:137.80,140.2 2 0
github.com/cyansnbrst/pvz-service/internal/pvz/mock/pg_repository_mock.go:143.145,149.2 5 0
github.com/cyansnbrst/pvz-service/internal/pvz/mock/pg_repository_mock.go:152.112,155.2 2 0
github.com/cyansnbrst/pvz-service/internal/pvz/mock/pg_repository_mock.go:158.98,164.2 5 0
github.com/cyansnbrst/pvz-service/internal/pvz/mock/pg_repository_mock.go:167.91,170.2 2 0
github.com/cyansnbrst/pvz-service/pkg/auth/jwt/parsers.go:14.68,15.83 1 0
github.com/cyansnbrst/pvz-service/pkg/auth/jwt/parsers.go:15.83,16.58 1 0
github.com/cyansnbrst/pvz-service/pkg/auth/jwt/parsers.go:16.58,18.4 1 0
github.com/cyansnbrst/pvz-service/pkg/auth/jwt/parsers.go:19.3,19.29 1 0
github.com/cyansnbrst/pvz-service/pkg/auth/jwt/parsers.go:22.2,22.16 1 0
github.com/cyansnbrst/pvz-service/pkg/auth/jwt/parsers.go:22.16,23.126 1 0
github.com/cyansnbrst/pvz-service/pkg/auth/jwt/parsers.go:23.126,25.4 1 0
github.com/cyansnbrst/pvz-service/pkg/auth/jwt/parsers.go:26.3,26.17 1 0
github.com/cyansnbrst/pvz-service/pkg/auth/jwt/parsers.go:29.2,29.67 1 0
github.com/cyansnbrst/pvz-service/pkg/auth/jwt/parsers.go:29.67,31.10 2 0
github.com/cyansnbrst/pvz-service/pkg/auth/jwt/parsers.go:31.10,33.4 1 0
github.com/cyansnbrst/pvz-service/pkg/auth/jwt/parsers.go:34.3,34.36 1 0
github.com/cyansnbrst/pvz-service/pkg/auth/jwt/parsers.go:37.2,37.33 1 0
github.com/cyansnbrst/pvz-service/internal/server/handlers.go:17.48,19.16 2 0
github.com/cyansnbrst/pvz-service/internal/server/handlers.go:19.16,21.3 1 0
github.com/cyansnbrst/pvz-service/internal/server/handlers.go:22.2,41.10 11 0
github.com/cyansnbrst/pvz-service/internal/server/server.go:30.82,36.2 1 0
github.com/cyansnbrst/pvz-service/internal/server/server.go:39.30,49.16 3 0
github.com/cyansnbrst/pvz-service/internal/server/server.go:49.16,51.3 1 0
github.com/cyansnbrst/pvz-service/internal/server/server.go:53.2,58.12 4 0
github.com/cyansnbrst/pvz-service/internal/server/server.go:58.12,62.96 2 0
github.com/cyansnbrst/pvz-service/internal/server/server.go:62.96,64.4 1 0
github.com/cyansnbrst/pvz-service/internal/server/server.go:67.2,67.12 1 0
github.com/cyansnbrst/pvz-service/internal/server/server.go:67.12,71.49 2 0
github.com/cyansnbrst/pvz-service/internal/server/server.go:71.49,73.4 1 0
github.com/cyansnbrst/pvz-service/internal/server/server.go:76.2,76.12 1 0
github.com/cyansnbrst/pvz-service/internal/server/server.go:76.12,88.52 7 0
github.com/cyansnbrst/pvz-service/internal/server/server.go:88.52,90.4 1 0
github.com/cyansnbrst/pvz-service/internal/server/server.go:92.3,94.23 2 0
github.com/cyansnbrst/pvz-service/internal/server/server.go:97.2,98.16 2 0
github.com/cyansnbrst/pvz-service/internal/server/server.go:98.16,100.3 1 0
github.com/cyansnbrst/pvz-service/internal/server/server.go:102.2,104.12 2 0
github.com/cyansnbrst/pvz-service/internal/server/services.go:10.37,14.2 3 0
github.com/cyansnbrst/pvz-service/pkg/converters/grpc_mapper.go:11.43,17.2 1 0
github.com/cyansnbrst/pvz-service/pkg/converters/http_mapper.go:12.48,18.2 1 0
github.com/cyansnbrst/pvz-service/pkg/converters/http_mapper.go:21.45,27.2 1 0
github.com/cyansnbrst/pvz-service/pkg/converters/http_mapper.go:30.63,37.2 1 0
github.com/cyansnbrst/pvz-service/pkg/converters/http_mapper.go:40.57,47.2 1 0
github.com/cyansnbrst/pvz-service/pkg/converters/http_mapper.go:50.86,54.33 3 0
github.com/cyansnbrst/pvz-service/pkg/converters/http_mapper.go:54.33,58.32 3 0
github.com/cyansnbrst/pvz-service/pkg/converters/http_mapper.go:58.32,60.4 1 0
github.com/cyansnbrst/pvz-service/pkg/converters/http_mapper.go:62.3,65.4 1 0
github.com/cyansnbrst/pvz-service/pkg/converters/http_mapper.go:68.2,71.3 1 0
github.com/cyansnbrst/pvz-service/pkg/db/postgres/conn.go:13.56,25.16 3 0
github.com/cyansnbrst/pvz-service/pkg/db/postgres/conn.go:25.16,27.3 1 0
github.com/cyansnbrst/pvz-service/pkg/db/postgres/conn.go:29.2,32.16 3 0
github.com/cyansnbrst/pvz-service/pkg/db/postgres/conn.go:32.16,34.3 1 0
github.com/cyansnbrst/pvz-service/pkg/db/postgres/conn.go:36.2,39.39 3 0
github.com/cyansnbrst/pvz-service/pkg/db/postgres/conn.go:39.39,41.3 1 0
github.com/cyansnbrst/pvz-service/pkg/db/postgres/conn.go:43.2,43.18 1 0
github.com/cyansnbrst/pvz-service/pkg/http_helpers/responses.go:18.57,24.2 1 0
github.com/cyansnbrst/pvz-service/pkg/http_helpers/responses.go:27.74,29.2 1 0
github.com/cyansnbrst/pvz-service/pkg/http_helpers/responses.go:32.74,35.2 2 0
github.com/cyansnbrst/pvz-service/pkg/http_helpers/responses.go:38.58,40.2 1 0
github.com/cyansnbrst/pvz-service/pkg/http_helpers/responses.go:43.49,45.2 1 0
github.com/cyansnbrst/pvz-service/pkg/metric/metric.go:33.59,40.60 3 0
github.com/cyansnbrst/pvz-service/pkg/metric/metric.go:40.60,42.3 1 0
github.com/cyansnbrst/pvz-service/pkg/metric/metric.go:44.2,51.55 2 0
github.com/cyansnbrst/pvz-service/pkg/metric/metric.go:51.55,53.3 1 0
github.com/cyansnbrst/pvz-service/pkg/metric/metric.go:55.2,62.56 2 0
github.com/cyansnbrst/pvz-service/pkg/metric/metric.go:62.56,64.3 1 0
github.com/cyansnbrst/pvz-service/pkg/metric/metric.go:66.2,70.61 2 0
github.com/cyansnbrst/pvz-service/pkg/metric/metric.go:70.61,72.3 1 0
github.com/cyansnbrst/pvz-service/pkg/metric/metric.go:74.2,78.68 2 0
github.com/cyansnbrst/pvz-service/pkg/metric/metric.go:78.68,80.3 1 0
github.com/cyansnbrst/pvz-service/pkg/metric/metric.go:82.2,86.64 2 0
github.com/cyansnbrst/pvz-service/pkg/metric/metric.go:86.64,88.3 1 0
github.com/cyansnbrst/pvz-service/pkg/metric/metric.go:90.2,90.80 1 0
github.com/cyansnbrst/pvz-service/pkg/metric/metric.go:90.80,92.3 1 0
github.com/cyansnbrst/pvz-service/pkg/metric/metric.go:94.2,94.12 1 0
github.com/cyansnbrst/pvz-service/pkg/metric/metric.go:94.12,98.48 4 0
github.com/cyansnbrst/pvz-service/pkg/metric/metric.go:98.48,100.4 1 0
github.com/cyansnbrst/pvz-service/pkg/metric/metric.go:103.2,103.19 1 0
github.com/cyansnbrst/pvz-service/pkg/metric/metric.go:107.73,110.2 2 0
github.com/cyansnbrst/pvz-service/pkg/metric/metric.go:113.106,115.2 1 0
github.com/cyansnbrst/pvz-service/pkg/metric/metric.go:118.48,120.2 1 0
github.com/cyansnbrst/pvz-service/pkg/metric/metric.go:123.55,125.2 1 0
github.com/cyansnbrst/pvz-service/pkg/metric/metric.go:128.51,130.2 1 0
github.com/cyansnbrst/pvz-service/protos/gen/proto/pvz/pvz.pb.go:34.23,39.2 4 0
github.com/cyansnbrst/pvz-service/protos/gen/proto/pvz/pvz.pb.go:41.31,43.2 1 0
github.com/cyansnbrst/pvz-service/protos/gen/proto/pvz/pvz.pb.go:45.29,45.30 0 0
github.com/cyansnbrst/pvz-service/protos/gen/proto/pvz/pvz.pb.go:47.51,49.14 2 0
github.com/cyansnbrst/pvz-service/protos/gen/proto/pvz/pvz.pb.go:49.14,51.34 2 0
github.com/cyansnbrst/pvz-service/protos/gen/proto/pvz/pvz.pb.go:51.34,53.4 1 0
github.com/cyansnbrst/pvz-service/protos/gen/proto/pvz/pvz.pb.go:54.3,54.12 1 0
github.com/cyansnbrst/pvz-service/protos/gen/proto/pvz/pvz.pb.go:56.2,56.24 1 0
github.com/cyansnbrst/pvz-service/protos/gen/proto/pvz/pvz.pb.go:60.42,62.2 1 0
github.com/cyansnbrst/pvz-service/protos/gen/proto/pvz/pvz.pb.go:64.30,65.14 1 0
github.com/cyansnbrst/pvz-service/protos/gen/proto/pvz/pvz.pb.go:65.14,67.3 1 0
github.com/cyansnbrst/pvz-service/protos/gen/proto/pvz/pvz.pb.go:68.2,68.11 1 0
github.com/cyansnbrst/pvz-service/protos/gen/proto/pvz/pvz.pb.go:71.60,72.14 1 0
github.com/cyansnbrst/pvz-service/protos/gen/proto/pvz/pvz.pb.go:72.14,74.3 1 0
github.com/cyansnbrst/pvz-service/protos/gen/proto/pvz/pvz.pb.go:75.2,75.12 1 0
github.com/cyansnbrst/pvz-service/protos/gen/proto/pvz/pvz.pb.go:78.32,79.14 1 0
github.com/cyansnbrst/pvz-service/protos/gen/proto/pvz/pvz.pb.go:79.14,81.3 1 0
github.com/cyansnbrst/pvz-service/protos/gen/proto/pvz/pvz.pb.go:82.2,82.11 1 0
github.com/cyansnbrst/pvz-service/protos/gen/proto/pvz/pvz.pb.go:91.37,96.2 4 0
github.com/cyansnbrst/pvz-service/protos/gen/proto/pvz/pvz.pb.go:98.45,100.2 1 0
github.com/cyansnbrst/pvz-service/protos/gen/proto/pvz/pvz.pb.go:102.43,102.44 0 0
github.com/cyansnbrst/pvz-service/protos/gen/proto/pvz/pvz.pb.go:104.65,106.14 2 0
github.com/cyansnbrst/pvz-service/protos/gen/proto/pvz/pvz.pb.go:106.14,108.34 2 0
github.com/cyansnbrst/pvz-service/protos/gen/proto/pvz/pvz.pb.go:108.34,110.4 1 0
github.com/cyansnbrst/pvz-service/protos/gen/proto/pvz/pvz.pb.go:111.3,111.12 1 0
github.com/cyansnbrst/pvz-service/protos/gen/proto/pvz/pvz.pb.go:113.2,113.24 1 0
github.com/cyansnbrst/pvz-service/protos/gen/proto/pvz/pvz.pb.go:117.56,119.2 1 0
github.com/cyansnbrst/pvz-service/protos/gen/proto/pvz/pvz.pb.go:128.38,133.2 4 0
github.com/cyansnbrst/pvz-service/protos/gen/proto/pvz/pvz.pb.go:135.46,137.2 1 0
github.com/cyansnbrst/pvz-service/protos/gen/proto/pvz/pvz.pb.go:139.44,139.45 0 0
github.com/cyansnbrst/pvz-service/protos/gen/proto/pvz/pvz.pb.go:141.66,143.14 2 0
github.com/cyansnbrst/pvz-service/protos/gen/proto/pvz/pvz.pb.go:143.14,145.34 2 0
github.com/cyansnbrst/pvz-service/protos/gen/proto/pvz/pvz.pb.go:145.34,147.4 1 0
github.com/cyansnbrst/pvz-service/protos/gen/proto/pvz/pvz.pb.go:148.3,148.12 1 0
github.com/cyansnbrst/pvz-service/protos/gen/proto/pvz/pvz.pb.go:150.2,150.24 1 0
github.com/cyansnbrst/pvz-service/protos/gen/proto/pvz/pvz.pb.go:154.57,156.2 1 0
github.com/cyansnbrst/pvz-service/protos/gen/proto/pvz/pvz.pb.go:158.47,159.14 1 0
github.com/cyansnbrst/pvz-service/protos/gen/proto/pvz/pvz.pb.go:159.14,161.3 1 0
github.com/cyansnbrst/pvz-service/protos/gen/proto/pvz/pvz.pb.go:162.2,162.12 1 0
github.com/cyansnbrst/pvz-service/protos/gen/proto/pvz/pvz.pb.go:187.52,188.49 1 0
github.com/cyansnbrst/pvz-service/protos/gen/proto/pvz/pvz.pb.go:188.49,190.3 1 0
github.com/cyansnbrst/pvz-service/protos/gen/proto/pvz/pvz.pb.go:191.2,191.45 1 0
github.com/cyansnbrst/pvz-service/protos/gen/proto/pvz/pvz.pb.go:213.13,213.48 1 0
github.com/cyansnbrst/pvz-service/protos/gen/proto/pvz/pvz.pb.go:214.38,215.37 1 0
github.com/cyansnbrst/pvz-service/protos/gen/proto/pvz/pvz.pb.go:215.37,217.3 1 0
github.com/cyansnbrst/pvz-service/protos/gen/proto/pvz/pvz.pb.go:218.2,234.40 5 0
github.com/cyansnbrst/pvz-service/protos/gen/proto/pvz/pvz_grpc.pb.go:36.72,38.2 1 0
github.com/cyansnbrst/pvz-service/protos/gen/proto/pvz/pvz_grpc.pb.go:40.137,44.16 4 0
github.com/cyansnbrst/pvz-service/protos/gen/proto/pvz/pvz_grpc.pb.go:44.16,46.3 1 0
github.com/cyansnbrst/pvz-service/protos/gen/proto/pvz/pvz_grpc.pb.go:47.2,47.17 1 0
github.com/cyansnbrst/pvz-service/protos/gen/proto/pvz/pvz_grpc.pb.go:65.115,67.2 1 0
github.com/cyansnbrst/pvz-service/protos/gen/proto/pvz/pvz_grpc.pb.go:68.80,68.81 0 0
github.com/cyansnbrst/pvz-service/protos/gen/proto/pvz/pvz_grpc.pb.go:69.80,69.81 0 0
github.com/cyansnbrst/pvz-service/protos/gen/proto/pvz/pvz_grpc.pb.go:78.78,83.59 1 0
github.com/cyansnbrst/pvz-service/protos/gen/proto/pvz/pvz_grpc.pb.go:83.59,85.3 1 0
github.com/cyansnbrst/pvz-service/protos/gen/proto/pvz/pvz_grpc.pb.go:86.2,86.49 1 0
github.com/cyansnbrst/pvz-service/protos/gen/proto/pvz/pvz_grpc.pb.go:89.166,91.32 2 0
github.com/cyansnbrst/pvz-service/protos/gen/proto/pvz/pvz_grpc.pb.go:91.32,93.3 1 0
github.com/cyansnbrst/pvz-service/protos/gen/proto/pvz/pvz_grpc.pb.go:94.2,94.24 1 0
github.com/cyansnbrst/pvz-service/protos/gen/proto/pvz/pvz_grpc.pb.go:94.24,96.3 1 0
github.com/cyansnbrst/pvz-service/protos/gen/proto/pvz/pvz_grpc.pb.go:97.2,101.77 2 0
github.com/cyansnbrst/pvz-service/protos/gen/proto/pvz/pvz_grpc.pb.go:101.77,103.3 1 0
github.com/cyansnbrst/pvz-service/protos/gen/proto/pvz/pvz_grpc.pb.go:104.2,104.44 1 0
github.com/cyansnbrst/pvz-service/gen/pvzapi/pvz.gen.go:223.73,229.2 3 0
github.com/cyansnbrst/pvz-service/gen/pvzapi/pvz.gen.go:232.68,238.2 3 0
github.com/cyansnbrst/pvz-service/gen/pvzapi/pvz.gen.go:241.71,249.2 4 0
github.com/cyansnbrst/pvz-service/gen/pvzapi/pvz.gen.go:252.65,262.16 5 0
github.com/cyansnbrst/pvz-service/gen/pvzapi/pvz.gen.go:262.16,264.3 1 0
github.com/cyansnbrst/pvz-service/gen/pvzapi/pvz.gen.go:268.2,269.16 2 0
github.com/cyansnbrst/pvz-service/gen/pvzapi/pvz.gen.go:269.16,271.3 1 0
github.com/cyansnbrst/pvz-service/gen/pvzapi/pvz.gen.go:275.2,276.16 2 0
github.com/cyansnbrst/pvz-service/gen/pvzapi/pvz.gen.go:276.16,278.3 1 0
github.com/cyansnbrst/pvz-service/gen/pvzapi/pvz.gen.go:282.2,283.16 2 0
github.com/cyansnbrst/pvz-service/gen/pvzapi/pvz.gen.go:283.16,285.3 1 0
github.com/cyansnbrst/pvz-service/gen/pvzapi/pvz.gen.go:288.2,289.12 2 0
github.com/cyansnbrst/pvz-service/gen/pvzapi/pvz.gen.go:293.66,301.2 4 0
github.com/cyansnbrst/pvz-service/gen/pvzapi/pvz.gen.go:304.89,310.16 4 0
github.com/cyansnbrst/pvz-service/gen/pvzapi/pvz.gen.go:310.16,312.3 1 0
github.com/cyansnbrst/pvz-service/gen/pvzapi/pvz.gen.go:314.2,318.12 3 0
github.com/cyansnbrst/pvz-service/gen/pvzapi/pvz.gen.go:322.88,328.16 4 0
github.com/cyansnbrst/pvz-service/gen/pvzapi/pvz.gen.go:328.16,330.3 1 0
github.com/cyansnbrst/pvz-service/gen/pvzapi/pvz.gen.go:332.2,336.12 3 0
github.com/cyansnbrst/pvz-service/gen/pvzapi/pvz.gen.go:340.73,348.2 4 0
github.com/cyansnbrst/pvz-service/gen/pvzapi/pvz.gen.go:351.71,357.2 3 0
github.com/cyansnbrst/pvz-service/gen/pvzapi/pvz.gen.go:375.62,377.2 1 0
github.com/cyansnbrst/pvz-service/gen/pvzapi/pvz.gen.go:381.89,397.2 10 0
github.com/cyansnbrst/pvz-service/internal/pvz/repository/pg_repository.go:33.39,35.2 1 1
github.com/cyansnbrst/pvz-service/internal/pvz/repository/pg_repository.go:38.91,54.16 5 1
github.com/cyansnbrst/pvz-service/internal/pvz/repository/pg_repository.go:54.16,55.36 1 1
github.com/cyansnbrst/pvz-service/internal/pvz/repository/pg_repository.go:55.36,57.4 1 1
github.com/cyansnbrst/pvz-service/internal/pvz/repository/pg_repository.go:58.3,58.44 1 1
github.com/cyansnbrst/pvz-service/internal/pvz/repository/pg_repository.go:61.2,61.19 1 1
github.com/cyansnbrst/pvz-service/internal/pvz/repository/pg_repository.go:65.75,82.16 5 1
github.com/cyansnbrst/pvz-service/internal/pvz/repository/pg_repository.go:82.16,83.36 1 1
github.com/cyansnbrst/pvz-service/internal/pvz/repository/pg_repository.go:83.36,85.4 1 1
github.com/cyansnbrst/pvz-service/internal/pvz/repository/pg_repository.go:86.3,86.39 1 1
github.com/cyansnbrst/pvz-service/internal/pvz/repository/pg_repository.go:89.2,89.12 1 1
github.com/cyansnbrst/pvz-service/internal/pvz/repository/pg_repository.go:93.72,110.16 5 1
github.com/cyansnbrst/pvz-service/internal/pvz/repository/pg_repository.go:110.16,111.36 1 1
github.com/cyansnbrst/pvz-service/internal/pvz/repository/pg_repository.go:111.36,113.4 1 1
github.com/cyansnbrst/pvz-service/internal/pvz/repository/pg_repository.go:114.3,114.39 1 1
github.com/cyansnbrst/pvz-service/internal/pvz/repository/pg_repository.go:117.2,117.12 1 1
github.com/cyansnbrst/pvz-service/internal/pvz/repository/pg_repository.go:121.113,146.16 6 1
github.com/cyansnbrst/pvz-service/internal/pvz/repository/pg_repository.go:146.16,147.36 1 1
github.com/cyansnbrst/pvz-service/internal/pvz/repository/pg_repository.go:147.36,149.4 1 1
github.com/cyansnbrst/pvz-service/internal/pvz/repository/pg_repository.go:150.3,150.44 1 1
github.com/cyansnbrst/pvz-service/internal/pvz/repository/pg_repository.go:153.2,153.24 1 1
github.com/cyansnbrst/pvz-service/internal/pvz/repository/pg_repository.go:157.124,161.16 3 1
github.com/cyansnbrst/pvz-service/internal/pvz/repository/pg_repository.go:161.16,163.3 1 1
github.com/cyansnbrst/pvz-service/internal/pvz/repository/pg_repository.go:164.2,164.15 1 1
github.com/cyansnbrst/pvz-service/internal/pvz/repository/pg_repository.go:164.15,165.17 1 1
github.com/cyansnbrst/pvz-service/internal/pvz/repository/pg_repository.go:165.17,166.85 1 1
github.com/cyansnbrst/pvz-service/internal/pvz/repository/pg_repository.go:166.85,168.5 1 0
github.com/cyansnbrst/pvz-service/internal/pvz/repository/pg_repository.go:172.2,188.16 5 1
github.com/cyansnbrst/pvz-service/internal/pvz/repository/pg_repository.go:188.16,189.36 1 1
github.com/cyansnbrst/pvz-service/internal/pvz/repository/pg_repository.go:189.36,191.4 1 1
github.com/cyansnbrst/pvz-service/internal/pvz/repository/pg_repository.go:192.3,192.44 1 0
github.com/cyansnbrst/pvz-service/internal/pvz/repository/pg_repository.go:195.2,212.16 4 1
github.com/cyansnbrst/pvz-service/internal/pvz/repository/pg_repository.go:212.16,214.3 1 1
github.com/cyansnbrst/pvz-service/internal/pvz/repository/pg_repository.go:216.2,216.39 1 1
github.com/cyansnbrst/pvz-service/internal/pvz/repository/pg_repository.go:216.39,218.3 1 1
github.com/cyansnbrst/pvz-service/internal/pvz/repository/pg_repository.go:220.2,220.22 1 1
github.com/cyansnbrst/pvz-service/internal/pvz/repository/pg_repository.go:224.81,228.16 3 1
github.com/cyansnbrst/pvz-service/internal/pvz/repository/pg_repository.go:228.16,230.3 1 1
github.com/cyansnbrst/pvz-service/internal/pvz/repository/pg_repository.go:231.2,231.15 1 1
github.com/cyansnbrst/pvz-service/internal/pvz/repository/pg_repository.go:231.15,232.17 1 1
github.com/cyansnbrst/pvz-service/internal/pvz/repository/pg_repository.go:232.17,233.85 1 1
github.com/cyansnbrst/pvz-service/internal/pvz/repository/pg_repository.go:233.85,235.5 1 0
github.com/cyansnbrst/pvz-service/internal/pvz/repository/pg_repository.go:239.2,255.16 5 1
github.com/cyansnbrst/pvz-service/internal/pvz/repository/pg_repository.go:255.16,256.36 1 1
github.com/cyansnbrst/pvz-service/internal/pvz/repository/pg_repository.go:256.36,258.4 1 1
github.com/cyansnbrst/pvz-service/internal/pvz/repository/pg_repository.go:259.3,259.39 1 0
github.com/cyansnbrst/pvz-service/internal/pvz/repository/pg_repository.go:262.2,276.16 4 1
github.com/cyansnbrst/pvz-service/internal/pvz/repository/pg_repository.go:276.16,277.36 1 1
github.com/cyansnbrst/pvz-service/internal/pvz/repository/pg_repository.go:277.36,279.4 1 1
github.com/cyansnbrst/pvz-service/internal/pvz/repository/pg_repository.go:280.3,280.39 1 1
github.com/cyansnbrst/pvz-service/internal/pvz/repository/pg_repository.go:283.2,283.39 1 1
github.com/cyansnbrst/pvz-service/internal/pvz/repository/pg_repository.go:283.39,285.3 1 1
github.com/cyansnbrst/pvz-service/internal/pvz/repository/pg_repository.go:287.2,287.12 1 1
github.com/cyansnbrst/pvz-service/internal/pvz/repository/pg_repository.go:291.103,295.16 3 1
github.com/cyansnbrst/pvz-service/internal/pvz/repository/pg_repository.go:295.16,297.3 1 1
github.com/cyansnbrst/pvz-service/internal/pvz/repository/pg_repository.go:298.2,298.15 1 1
github.com/cyansnbrst/pvz-service/internal/pvz/repository/pg_repository.go:298.15,299.17 1 1
github.com/cyansnbrst/pvz-service/internal/pvz/repository/pg_repository.go:299.17,300.85 1 1
github.com/cyansnbrst/pvz-service/internal/pvz/repository/pg_repository.go:300.85,302.5 1 0
github.com/cyansnbrst/pvz-service/internal/pvz/repository/pg_repository.go:306.2,326.16 5 1
github.com/cyansnbrst/pvz-service/internal/pvz/repository/pg_repository.go:326.16,327.36 1 1
github.com/cyansnbrst/pvz-service/internal/pvz/repository/pg_repository.go:327.36,329.4 1 1
github.com/cyansnbrst/pvz-service/internal/pvz/repository/pg_repository.go:330.3,330.44 1 0
github.com/cyansnbrst/pvz-service/internal/pvz/repository/pg_repository.go:333.2,342.16 4 1
github.com/cyansnbrst/pvz-service/internal/pvz/repository/pg_repository.go:342.16,344.3 1 1
github.com/cyansnbrst/pvz-service/internal/pvz/repository/pg_repository.go:346.2,348.39 2 1
github.com/cyansnbrst/pvz-service/internal/pvz/repository/pg_repository.go:348.39,350.3 1 1
github.com/cyansnbrst/pvz-service/internal/pvz/repository/pg_repository.go:352.2,352.24 1 1
github.com/cyansnbrst/pvz-service/internal/pvz/repository/pg_repository.go:356.138,365.22 4 1
github.com/cyansnbrst/pvz-service/internal/pvz/repository/pg_repository.go:365.22,367.3 1 1
github.com/cyansnbrst/pvz-service/internal/pvz/repository/pg_repository.go:368.2,368.20 1 1
github.com/cyansnbrst/pvz-service/internal/pvz/repository/pg_repository.go:368.20,370.3 1 1
github.com/cyansnbrst/pvz-service/internal/pvz/repository/pg_repository.go:372.2,372.25 1 1
github.com/cyansnbrst/pvz-service/internal/pvz/repository/pg_repository.go:372.25,374.3 1 1
github.com/cyansnbrst/pvz-service/internal/pvz/repository/pg_repository.go:376.2,381.16 3 1
github.com/cyansnbrst/pvz-service/internal/pvz/repository/pg_repository.go:381.16,383.3 1 0
github.com/cyansnbrst/pvz-service/internal/pvz/repository/pg_repository.go:385.2,386.16 2 1
github.com/cyansnbrst/pvz-service/internal/pvz/repository/pg_repository.go:386.16,388.3 1 0
github.com/cyansnbrst/pvz-service/internal/pvz/repository/pg_repository.go:390.2,391.18 2 1
github.com/cyansnbrst/pvz-service/internal/pvz/repository/pg_repository.go:391.18,393.40 2 1
github.com/cyansnbrst/pvz-service/internal/pvz/repository/pg_repository.go:393.40,396.4 2 0
github.com/cyansnbrst/pvz-service/internal/pvz/repository/pg_repository.go:397.3,397.30 1 1
github.com/cyansnbrst/pvz-service/internal/pvz/repository/pg_repository.go:399.2,401.22 2 1
github.com/cyansnbrst/pvz-service/internal/pvz/repository/pg_repository.go:401.22,403.3 1 0
github.com/cyansnbrst/pvz-service/internal/pvz/repository/pg_repository.go:405.2,417.25 2 1
github.com/cyansnbrst/pvz-service/internal/pvz/repository/pg_repository.go:417.25,419.3 1 1
github.com/cyansnbrst/pvz-service/internal/pvz/repository/pg_repository.go:421.2,422.16 2 1
github.com/cyansnbrst/pvz-service/internal/pvz/repository/pg_repository.go:422.16,424.3 1 0
github.com/cyansnbrst/pvz-service/internal/pvz/repository/pg_repository.go:426.2,427.16 2 1
github.com/cyansnbrst/pvz-service/internal/pvz/repository/pg_repository.go:427.16,429.3 1 0
github.com/cyansnbrst/pvz-service/internal/pvz/repository/pg_repository.go:430.2,436.18 5 1
github.com/cyansnbrst/pvz-service/internal/pvz/repository/pg_repository.go:436.18,459.17 2 1
github.com/cyansnbrst/pvz-service/internal/pvz/repository/pg_repository.go:459.17,461.4 1 0
github.com/cyansnbrst/pvz-service/internal/pvz/repository/pg_repository.go:463.3,463.54 1 1
github.com/cyansnbrst/pvz-service/internal/pvz/repository/pg_repository.go:463.54,474.4 3 1
github.com/cyansnbrst/pvz-service/internal/pvz/repository/pg_repository.go:476.3,476.25 1 1
github.com/cyansnbrst/pvz-service/internal/pvz/repository/pg_repository.go:476.25,477.80 1 1
github.com/cyansnbrst/pvz-service/internal/pvz/repository/pg_repository.go:477.80,488.5 2 1
github.com/cyansnbrst/pvz-service/internal/pvz/repository/pg_repository.go:490.4,490.24 1 1
github.com/cyansnbrst/pvz-service/internal/pvz/repository/pg_repository.go:490.24,498.5 2 1
github.com/cyansnbrst/pvz-service/internal/pvz/repository/pg_repository.go:502.2,502.35 1 1
github.com/cyansnbrst/pvz-service/internal/pvz/repository/pg_repository.go:502.35,504.3 1 0
github.com/cyansnbrst/pvz-service/internal/pvz/repository/pg_repository.go:506.2,506.20 1 1
github.com/cyansnbrst/pvz-service/internal/pvz/repository/pg_repository.go:510.73,519.16 4 1
github.com/cyansnbrst/pvz-service/internal/pvz/repository/pg_repository.go:519.16,521.3 1 1
github.com/cyansnbrst/pvz-service/internal/pvz/repository/pg_repository.go:522.2,525.18 3 1
github.com/cyansnbrst/pvz-service/internal/pvz/repository/pg_repository.go:525.18,532.17 3 1
github.com/cyansnbrst/pvz-service/internal/pvz/repository/pg_repository.go:532.17,534.4 1 0
github.com/cyansnbrst/pvz-service/internal/pvz/repository/pg_repository.go:535.3,535.27 1 1
github.com/cyansnbrst/pvz-service/internal/pvz/repository/pg_repository.go:538.2,538.35 1 1
github.com/cyansnbrst/pvz-service/internal/pvz/repository/pg_repository.go:538.35,540.3 1 0
github.com/cyansnbrst/pvz-service/internal/pvz/repository/pg_repository.go:542.2,542.18 1 1
github.com/cyansnbrst/pvz-service/config/config.go:51.51,55.16 3 0
github.com/cyansnbrst/pvz-service/config/config.go:55.16,57.3 1 0
github.com/cyansnbrst/pvz-service/config/config.go:59.2,60.16 2 0
github.com/cyansnbrst/pvz-service/config/config.go:60.16,62.3 1 0
github.com/cyansnbrst/pvz-service/config/config.go:64.2,64.18 1 0
github.com/cyansnbrst/pvz-service/gen/pvzapi/pvz.gen.go:223.73,229.2 3 0
github.com/cyansnbrst/pvz-service/gen/pvzapi/pvz.gen.go:232.68,238.2 3 0
github.com/cyansnbrst/pvz-service/gen/pvzapi/pvz.gen.go:241.71,249.2 4 0
github.com/cyansnbrst/pvz-service/gen/pvzapi/pvz.gen.go:252.65,262.16 5 0
github.com/cyansnbrst/pvz-service/gen/pvzapi/pvz.gen.go:262.16,264.3 1 0
github.com/cyansnbrst/pvz-service/gen/pvzapi/pvz.gen.go:268.2,269.16 2 0
github.com/cyansnbrst/pvz-service/gen/pvzapi/pvz.gen.go:269.16,271.3 1 0
github.com/cyansnbrst/pvz-service/gen/pvzapi/pvz.gen.go:275.2,276.16 2 0
github.com/cyansnbrst/pvz-service/gen/pvzapi/pvz.gen.go:276.16,278.3 1 0
github.com/cyansnbrst/pvz-service/gen/pvzapi/pvz.gen.go:282.2,283.16 2 0
github.com/cyansnbrst/pvz-service/gen/pvzapi/pvz.gen.go:283.16,285.3 1 0
github.com/cyansnbrst/pvz-service/gen/pvzapi/pvz.gen.go:288.2,289.12 2 0
github.com/cyansnbrst/pvz-service/gen/pvzapi/pvz.gen.go:293.66,301.2 4 0
github.com/cyansnbrst/pvz-service/gen/pvzapi/pvz.gen.go:304.89,310.16 4 0
github.com/cyansnbrst/pvz-service/gen/pvzapi/pvz.gen.go:310.16,312.3 1 0
github.com/cyansnbrst/pvz-service/gen/pvzapi/pvz.gen.go:314.2,318.12 3 0
github.com/cyansnbrst/pvz-service/gen/pvzapi/pvz.gen.go:322.88,328.16 4 0
github.com/cyansnbrst/pvz-service/gen/pvzapi/pvz.gen.go:328.16,330.3 1 0
github.com/cyansnbrst/pvz-service/gen/pvzapi/pvz.gen.go:332.2,336.12 3 0
github.com/cyansnbrst/pvz-service/gen/pvzapi/pvz.gen.go:340.73,348.2 4 0
github.com/cyansnbrst/pvz-service/gen/pvzapi/pvz.gen.go:351.71,357.2 3 0
github.com/cyansnbrst/pvz-service/gen/pvzapi/pvz.gen.go:375.62,377.2 1 0
github.com/cyansnbrst/pvz-service/gen/pvzapi/pvz.gen.go:381.89,397.2 10 0
github.com/cyansnbrst/pvz-service/internal/pvz/mock/pg_repository_mock.go:29.65,33.2 3 1
github.com/cyansnbrst/pvz-service/internal/pvz/mock/pg_repository_mock.go:36.63,38.2 1 1
github.com/cyansnbrst/pvz-service/internal/pvz/mock/pg_repository_mock.go:41.131,47.2 5 1
github.com/cyansnbrst/pvz-service/internal/pvz/mock/pg_repository_mock.go:50.111,53.2 2 1
github.com/cyansnbrst/pvz-service/internal/pvz/mock/pg_repository_mock.go:56.110,62.2 5 1
github.com/cyansnbrst/pvz-service/internal/pvz/mock/pg_repository_mock.go:65.95,68.2 2 1
github.com/cyansnbrst/pvz-service/internal/pvz/mock/pg_repository_mock.go:71.79,76.2 4 1
github.com/cyansnbrst/pvz-service/internal/pvz/mock/pg_repository_mock.go:79.84,82.2 2 1
github.com/cyansnbrst/pvz-service/internal/pvz/mock/pg_repository_mock.go:85.120,91.2 5 1
github.com/cyansnbrst/pvz-service/internal/pvz/mock/pg_repository_mock.go:94.105,97.2 2 1
github.com/cyansnbrst/pvz-service/internal/pvz/mock/pg_repository_mock.go:100.82,105.2 4 1
github.com/cyansnbrst/pvz-service/internal/pvz/mock/pg_repository_mock.go:108.86,111.2 2 1
github.com/cyansnbrst/pvz-service/internal/pvz/mock/pg_repository_mock.go:114.88,119.2 4 1
github.com/cyansnbrst/pvz-service/internal/pvz/mock/pg_repository_mock.go:122.94,125.2 2 1
github.com/cyansnbrst/pvz-service/internal/pvz/mock/pg_repository_mock.go:128.80,134.2 5 1
github.com/cyansnbrst/pvz-service/internal/pvz/mock/pg_repository_mock.go:137.80,140.2 2 1
github.com/cyansnbrst/pvz-service/internal/pvz/mock/pg_repository_mock.go:143.145,149.2 5 1
github.com/cyansnbrst/pvz-service/internal/pvz/mock/pg_repository_mock.go:152.112,155.2 2 1
github.com/cyansnbrst/pvz-service/internal/pvz/mock/pg_repository_mock.go:158.98,164.2 5 1
github.com/cyansnbrst/pvz-service/internal/pvz/mock/pg_repository_mock.go:167.91,170.2 2 1
github.com/cyansnbrst/pvz-service/internal/pvz/usecase/usecase.go:34.76,39.2 1 1
github.com/cyansnbrst/pvz-service/internal/pvz/usecase/usecase.go:42.88,54.16 6 1
github.com/cyansnbrst/pvz-service/internal/pvz/usecase/usecase.go:54.16,56.3 1 0
github.com/cyansnbrst/pvz-service/internal/pvz/usecase/usecase.go:58.2,58.25 1 1
github.com/cyansnbrst/pvz-service/internal/pvz/usecase/usecase.go:62.98,66.16 3 1
github.com/cyansnbrst/pvz-service/internal/pvz/usecase/usecase.go:66.16,68.3 1 0
github.com/cyansnbrst/pvz-service/internal/pvz/usecase/usecase.go:70.2,79.16 8 1
github.com/cyansnbrst/pvz-service/internal/pvz/usecase/usecase.go:79.16,80.43 1 1
github.com/cyansnbrst/pvz-service/internal/pvz/usecase/usecase.go:80.43,82.4 1 1
github.com/cyansnbrst/pvz-service/internal/pvz/usecase/usecase.go:83.3,83.54 1 1
github.com/cyansnbrst/pvz-service/internal/pvz/usecase/usecase.go:86.2,86.21 1 1
github.com/cyansnbrst/pvz-service/internal/pvz/usecase/usecase.go:90.84,94.16 3 1
github.com/cyansnbrst/pvz-service/internal/pvz/usecase/usecase.go:94.16,95.41 1 1
github.com/cyansnbrst/pvz-service/internal/pvz/usecase/usecase.go:95.41,97.4 1 1
github.com/cyansnbrst/pvz-service/internal/pvz/usecase/usecase.go:98.3,98.43 1 1
github.com/cyansnbrst/pvz-service/internal/pvz/usecase/usecase.go:101.2,102.16 2 1
github.com/cyansnbrst/pvz-service/internal/pvz/usecase/usecase.go:102.16,103.43 1 1
github.com/cyansnbrst/pvz-service/internal/pvz/usecase/usecase.go:103.43,105.4 1 1
github.com/cyansnbrst/pvz-service/internal/pvz/usecase/usecase.go:106.3,106.43 1 0
github.com/cyansnbrst/pvz-service/internal/pvz/usecase/usecase.go:109.2,109.55 1 1
github.com/cyansnbrst/pvz-service/internal/pvz/usecase/usecase.go:113.76,117.16 3 1
github.com/cyansnbrst/pvz-service/internal/pvz/usecase/usecase.go:117.16,119.3 1 0
github.com/cyansnbrst/pvz-service/internal/pvz/usecase/usecase.go:121.2,121.12 1 1
github.com/cyansnbrst/pvz-service/internal/pvz/usecase/usecase.go:121.12,123.3 1 1
github.com/cyansnbrst/pvz-service/internal/pvz/usecase/usecase.go:125.2,125.12 1 1
github.com/cyansnbrst/pvz-service/internal/pvz/usecase/usecase.go:129.125,133.15 3 1
github.com/cyansnbrst/pvz-service/internal/pvz/usecase/usecase.go:133.15,135.3 1 1
github.com/cyansnbrst/pvz-service/internal/pvz/usecase/usecase.go:135.8,137.3 1 1
github.com/cyansnbrst/pvz-service/internal/pvz/usecase/usecase.go:139.2,140.29 2 1
github.com/cyansnbrst/pvz-service/internal/pvz/usecase/usecase.go:140.29,142.3 1 1
github.com/cyansnbrst/pvz-service/internal/pvz/usecase/usecase.go:142.8,144.3 1 1
github.com/cyansnbrst/pvz-service/internal/pvz/usecase/usecase.go:146.2,153.16 3 1
github.com/cyansnbrst/pvz-service/internal/pvz/usecase/usecase.go:153.16,154.41 1 1
github.com/cyansnbrst/pvz-service/internal/pvz/usecase/usecase.go:154.41,156.4 1 1
github.com/cyansnbrst/pvz-service/internal/pvz/usecase/usecase.go:157.3,157.53 1 1
github.com/cyansnbrst/pvz-service/internal/pvz/usecase/usecase.go:160.2,160.20 1 1
github.com/cyansnbrst/pvz-service/internal/pvz/usecase/usecase.go:164.97,170.16 4 1
github.com/cyansnbrst/pvz-service/internal/pvz/usecase/usecase.go:170.16,171.46 1 1
github.com/cyansnbrst/pvz-service/internal/pvz/usecase/usecase.go:171.46,173.4 1 1
github.com/cyansnbrst/pvz-service/internal/pvz/usecase/usecase.go:174.3,174.59 1 1
github.com/cyansnbrst/pvz-service/internal/pvz/usecase/usecase.go:177.2,177.24 1 1
github.com/cyansnbrst/pvz-service/internal/pvz/usecase/usecase.go:181.110,187.16 4 1
github.com/cyansnbrst/pvz-service/internal/pvz/usecase/usecase.go:187.16,188.44 1 1
github.com/cyansnbrst/pvz-service/internal/pvz/usecase/usecase.go:188.44,190.4 1 1
github.com/cyansnbrst/pvz-service/internal/pvz/usecase/usecase.go:191.3,191.57 1 1
github.com/cyansnbrst/pvz-service/internal/pvz/usecase/usecase.go:194.2,194.22 1 1
github.com/cyansnbrst/pvz-service/internal/pvz/usecase/usecase.go:198.79,202.16 3 1
github.com/cyansnbrst/pvz-service/internal/pvz/usecase/usecase.go:202.16,203.80 1 1
github.com/cyansnbrst/pvz-service/internal/pvz/usecase/usecase.go:203.80,205.4 1 1
github.com/cyansnbrst/pvz-service/internal/pvz/usecase/usecase.go:206.3,206.39 1 1
github.com/cyansnbrst/pvz-service/internal/pvz/usecase/usecase.go:209.2,209.12 1 1
github.com/cyansnbrst/pvz-service/internal/pvz/usecase/usecase.go:213.100,217.16 3 1
github.com/cyansnbrst/pvz-service/internal/pvz/usecase/usecase.go:217.16,218.44 1 1
github.com/cyansnbrst/pvz-service/internal/pvz/usecase/usecase.go:218.44,220.4 1 1
github.com/cyansnbrst/pvz-service/internal/pvz/usecase/usecase.go:221.3,221.59 1 1
github.com/cyansnbrst/pvz-service/internal/pvz/usecase/usecase.go:224.2,224.24 1 1
github.com/cyansnbrst/pvz-service/internal/pvz/usecase/usecase.go:228.111,231.24 2 1
github.com/cyansnbrst/pvz-service/internal/pvz/usecase/usecase.go:231.24,234.3 2 1
github.com/cyansnbrst/pvz-service/internal/pvz/usecase/usecase.go:235.2,235.25 1 1
github.com/cyansnbrst/pvz-service/internal/pvz/usecase/usecase.go:235.25,238.3 2 1
github.com/cyansnbrst/pvz-service/internal/pvz/usecase/usecase.go:240.2,240.22 1 1
github.com/cyansnbrst/pvz-service/internal/pvz/usecase/usecase.go:240.22,242.3 1 1
github.com/cyansnbrst/pvz-service/internal/pvz/usecase/usecase.go:243.2,243.45 1 1
github.com/cyansnbrst/pvz-service/internal/pvz/usecase/usecase.go:243.45,245.3 1 1
github.com/cyansnbrst/pvz-service/internal/pvz/usecase/usecase.go:247.2,247.97 1 1
github.com/cyansnbrst/pvz-service/internal/pvz/usecase/usecase.go:247.97,249.3 1 1
github.com/cyansnbrst/pvz-service/internal/pvz/usecase/usecase.go:251.2,257.16 5 1
github.com/cyansnbrst/pvz-service/internal/pvz/usecase/usecase.go:257.16,259.3 1 1
github.com/cyansnbrst/pvz-service/internal/pvz/usecase/usecase.go:261.2,261.18 1 1
github.com/cyansnbrst/pvz-service/internal/pvz/usecase/usecase.go:265.71,269.16 3 1
github.com/cyansnbrst/pvz-service/internal/pvz/usecase/usecase.go:269.16,271.3 1 1
github.com/cyansnbrst/pvz-service/internal/pvz/usecase/usecase.go:273.2,273.18 1 1
github.com/cyansnbrst/pvz-service/config/config.go:51.51,55.16 3 1
github.com/cyansnbrst/pvz-service/config/config.go:55.16,57.3 1 0
github.com/cyansnbrst/pvz-service/config/config.go:59.2,60.16 2 1
github.com/cyansnbrst/pvz-service/config/config.go:60.16,62.3 1 0
github.com/cyansnbrst/pvz-service/config/config.go:64.2,64.18 1 1
github.com/cyansnbrst/pvz-service/gen/pvzapi/pvz.gen.go:223.73,229.2 3 1
github.com/cyansnbrst/pvz-service/gen/pvzapi/pvz.gen.go:232.68,238.2 3 1
github.com/cyansnbrst/pvz-service/gen/pvzapi/pvz.gen.go:241.71,249.2 4 1
github.com/cyansnbrst/pvz-service/gen/pvzapi/pvz.gen.go:252.65,262.16 5 1
github.com/cyansnbrst/pvz-service/gen/pvzapi/pvz.gen.go:262.16,264.3 1 0
github.com/cyansnbrst/pvz-service/gen/pvzapi/pvz.gen.go:268.2,269.16 2 1
github.com/cyansnbrst/pvz-service/gen/pvzapi/pvz.gen.go:269.16,271.3 1 0
github.com/cyansnbrst/pvz-service/gen/pvzapi/pvz.gen.go:275.2,276.16 2 1
github.com/cyansnbrst/pvz-service/gen/pvzapi/pvz.gen.go:276.16,278.3 1 0
github.com/cyansnbrst/pvz-service/gen/pvzapi/pvz.gen.go:282.2,283.16 2 1
github.com/cyansnbrst/pvz-service/gen/pvzapi/pvz.gen.go:283.16,285.3 1 0
github.com/cyansnbrst/pvz-service/gen/pvzapi/pvz.gen.go:288.2,289.12 2 1
github.com/cyansnbrst/pvz-service/gen/pvzapi/pvz.gen.go:293.66,301.2 4 1
github.com/cyansnbrst/pvz-service/gen/pvzapi/pvz.gen.go:304.89,310.16 4 1
github.com/cyansnbrst/pvz-service/gen/pvzapi/pvz.gen.go:310.16,312.3 1 0
github.com/cyansnbrst/pvz-service/gen/pvzapi/pvz.gen.go:314.2,318.12 3 1
github.com/cyansnbrst/pvz-service/gen/pvzapi/pvz.gen.go:322.88,328.16 4 1
github.com/cyansnbrst/pvz-service/gen/pvzapi/pvz.gen.go:328.16,330.3 1 0
github.com/cyansnbrst/pvz-service/gen/pvzapi/pvz.gen.go:332.2,336.12 3 1
github.com/cyansnbrst/pvz-service/gen/pvzapi/pvz.gen.go:340.73,348.2 4 1
github.com/cyansnbrst/pvz-service/gen/pvzapi/pvz.gen.go:351.71,357.2 3 1
github.com/cyansnbrst/pvz-service/gen/pvzapi/pvz.gen.go:375.62,377.2 1 1
github.com/cyansnbrst/pvz-service/gen/pvzapi/pvz.gen.go:381.89,397.2 10 1
github.com/cyansnbrst/pvz-service/internal/middleware/auth.go:15.73,22.36 2 1
github.com/cyansnbrst/pvz-service/internal/middleware/auth.go:22.36,25.33 2 1
github.com/cyansnbrst/pvz-service/internal/middleware/auth.go:25.33,27.4 1 1
github.com/cyansnbrst/pvz-service/internal/middleware/auth.go:29.3,31.23 2 1
github.com/cyansnbrst/pvz-service/internal/middleware/auth.go:31.23,33.4 1 0
github.com/cyansnbrst/pvz-service/internal/middleware/auth.go:35.3,36.26 2 1
github.com/cyansnbrst/pvz-service/internal/middleware/auth.go:36.26,38.4 1 0
github.com/cyansnbrst/pvz-service/internal/middleware/auth.go:40.3,41.17 2 1
github.com/cyansnbrst/pvz-service/internal/middleware/auth.go:41.17,42.44 1 1
github.com/cyansnbrst/pvz-service/internal/middleware/auth.go:42.44,44.5 1 1
github.com/cyansnbrst/pvz-service/internal/middleware/auth.go:46.4,46.52 1 0
github.com/cyansnbrst/pvz-service/internal/middleware/auth.go:49.3,50.17 2 1
github.com/cyansnbrst/pvz-service/internal/middleware/context.go:14.63,16.2 1 1
github.com/cyansnbrst/pvz-service/internal/middleware/context.go:19.66,21.9 2 1
github.com/cyansnbrst/pvz-service/internal/middleware/context.go:21.9,23.3 1 0
github.com/cyansnbrst/pvz-service/internal/middleware/context.go:24.2,24.18 1 1
github.com/cyansnbrst/pvz-service/internal/middleware/metrics.go:12.82,13.54 1 1
github.com/cyansnbrst/pvz-service/internal/middleware/metrics.go:13.54,14.37 1 1
github.com/cyansnbrst/pvz-service/internal/middleware/metrics.go:14.37,20.18 4 1
github.com/cyansnbrst/pvz-service/internal/middleware/metrics.go:20.18,22.5 1 0
github.com/cyansnbrst/pvz-service/internal/middleware/metrics.go:22.10,24.5 1 1
github.com/cyansnbrst/pvz-service/internal/middleware/metrics.go:26.4,29.14 3 1
github.com/cyansnbrst/pvz-service/internal/middleware/middlewares.go:16.66,21.2 1 1
github.com/cyansnbrst/pvz-service/internal/pvz/delivery/grpc/handlers.go:24.85,26.2 1 0
github.com/cyansnbrst/pvz-service/internal/pvz/delivery/grpc/handlers.go:29.122,31.16 2 0
github.com/cyansnbrst/pvz-service/internal/pvz/delivery/grpc/handlers.go:31.16,34.3 2 0
github.com/cyansnbrst/pvz-service/internal/pvz/delivery/grpc/handlers.go:36.2,37.25 2 0
github.com/cyansnbrst/pvz-service/internal/pvz/delivery/grpc/handlers.go:37.25,39.3 1 0
github.com/cyansnbrst/pvz-service/internal/pvz/delivery/grpc/handlers.go:41.2,41.53 1 0
github.com/cyansnbrst/pvz-service/internal/pvz/delivery/http/handlers.go:32.107,38.2 1 1
github.com/cyansnbrst/pvz-service/internal/pvz/delivery/http/handlers.go:41.60,44.37 2 1
github.com/cyansnbrst/pvz-service/internal/pvz/delivery/http/handlers.go:44.37,46.3 1 1
github.com/cyansnbrst/pvz-service/internal/pvz/delivery/http/handlers.go:48.2,48.20 1 1
github.com/cyansnbrst/pvz-service/internal/pvz/delivery/http/handlers.go:48.20,50.3 1 1
github.com/cyansnbrst/pvz-service/internal/pvz/delivery/http/handlers.go:52.2,52.117 1 1
github.com/cyansnbrst/pvz-service/internal/pvz/delivery/http/handlers.go:52.117,54.3 1 1
github.com/cyansnbrst/pvz-service/internal/pvz/delivery/http/handlers.go:56.2,57.16 2 1
github.com/cyansnbrst/pvz-service/internal/pvz/delivery/http/handlers.go:57.16,59.3 1 0
github.com/cyansnbrst/pvz-service/internal/pvz/delivery/http/handlers.go:61.2,63.36 2 1
github.com/cyansnbrst/pvz-service/internal/pvz/delivery/http/handlers.go:67.58,70.37 2 1
github.com/cyansnbrst/pvz-service/internal/pvz/delivery/http/handlers.go:70.37,72.3 1 1
github.com/cyansnbrst/pvz-service/internal/pvz/delivery/http/handlers.go:74.2,74.61 1 1
github.com/cyansnbrst/pvz-service/internal/pvz/delivery/http/handlers.go:74.61,76.3 1 1
github.com/cyansnbrst/pvz-service/internal/pvz/delivery/http/handlers.go:78.2,78.65 1 1
github.com/cyansnbrst/pvz-service/internal/pvz/delivery/http/handlers.go:78.65,80.3 1 1
github.com/cyansnbrst/pvz-service/internal/pvz/delivery/http/handlers.go:82.2,83.16 2 1
github.com/cyansnbrst/pvz-service/internal/pvz/delivery/http/handlers.go:83.16,84.43 1 1
github.com/cyansnbrst/pvz-service/internal/pvz/delivery/http/handlers.go:84.43,86.4 1 1
github.com/cyansnbrst/pvz-service/internal/pvz/delivery/http/handlers.go:87.3,87.50 1 0
github.com/cyansnbrst/pvz-service/internal/pvz/delivery/http/handlers.go:90.2,92.41 2 1
github.com/cyansnbrst/pvz-service/internal/pvz/delivery/http/handlers.go:96.55,99.37 2 1
github.com/cyansnbrst/pvz-service/internal/pvz/delivery/http/handlers.go:99.37,101.3 1 1
github.com/cyansnbrst/pvz-service/internal/pvz/delivery/http/handlers.go:103.2,103.43 1 1
github.com/cyansnbrst/pvz-service/internal/pvz/delivery/http/handlers.go:103.43,105.3 1 1
github.com/cyansnbrst/pvz-service/internal/pvz/delivery/http/handlers.go:107.2,108.16 2 1
github.com/cyansnbrst/pvz-service/internal/pvz/delivery/http/handlers.go:108.16,109.89 1 1
github.com/cyansnbrst/pvz-service/internal/pvz/delivery/http/handlers.go:109.89,111.4 1 1
github.com/cyansnbrst/pvz-service/internal/pvz/delivery/http/handlers.go:112.3,112.50 1 0
github.com/cyansnbrst/pvz-service/internal/pvz/delivery/http/handlers.go:115.2,115.68 1 1
github.com/cyansnbrst/pvz-service/internal/pvz/delivery/http/handlers.go:119.53,121.16 2 1
github.com/cyansnbrst/pvz-service/internal/pvz/delivery/http/handlers.go:121.16,123.3 1 0
github.com/cyansnbrst/pvz-service/internal/pvz/delivery/http/handlers.go:125.2,125.38 1 1
github.com/cyansnbrst/pvz-service/internal/pvz/delivery/http/handlers.go:125.38,127.3 1 1
github.com/cyansnbrst/pvz-service/internal/pvz/delivery/http/handlers.go:129.2,131.37 2 1
github.com/cyansnbrst/pvz-service/internal/pvz/delivery/http/handlers.go:131.37,133.3 1 1
github.com/cyansnbrst/pvz-service/internal/pvz/delivery/http/handlers.go:135.2,135.20 1 1
github.com/cyansnbrst/pvz-service/internal/pvz/delivery/http/handlers.go:135.20,137.3 1 1
github.com/cyansnbrst/pvz-service/internal/pvz/delivery/http/handlers.go:139.2,145.30 2 1
github.com/cyansnbrst/pvz-service/internal/pvz/delivery/http/handlers.go:145.30,147.3 1 1
github.com/cyansnbrst/pvz-service/internal/pvz/delivery/http/handlers.go:149.2,150.16 2 1
github.com/cyansnbrst/pvz-service/internal/pvz/delivery/http/handlers.go:150.16,151.41 1 1
github.com/cyansnbrst/pvz-service/internal/pvz/delivery/http/handlers.go:151.41,153.4 1 1
github.com/cyansnbrst/pvz-service/internal/pvz/delivery/http/handlers.go:154.3,154.50 1 0
github.com/cyansnbrst/pvz-service/internal/pvz/delivery/http/handlers.go:157.2,157.22 1 1
github.com/cyansnbrst/pvz-service/internal/pvz/delivery/http/handlers.go:157.22,159.3 1 0
github.com/cyansnbrst/pvz-service/internal/pvz/delivery/http/handlers.go:161.2,163.41 2 1
github.com/cyansnbrst/pvz-service/internal/pvz/delivery/http/handlers.go:167.60,169.16 2 1
github.com/cyansnbrst/pvz-service/internal/pvz/delivery/http/handlers.go:169.16,171.3 1 0
github.com/cyansnbrst/pvz-service/internal/pvz/delivery/http/handlers.go:173.2,173.37 1 1
github.com/cyansnbrst/pvz-service/internal/pvz/delivery/http/handlers.go:173.37,175.3 1 1
github.com/cyansnbrst/pvz-service/internal/pvz/delivery/http/handlers.go:177.2,179.37 2 1
github.com/cyansnbrst/pvz-service/internal/pvz/delivery/http/handlers.go:179.37,181.3 1 1
github.com/cyansnbrst/pvz-service/internal/pvz/delivery/http/handlers.go:183.2,183.27 1 1
github.com/cyansnbrst/pvz-service/internal/pvz/delivery/http/handlers.go:183.27,185.3 1 1
github.com/cyansnbrst/pvz-service/internal/pvz/delivery/http/handlers.go:187.2,188.16 2 1
github.com/cyansnbrst/pvz-service/internal/pvz/delivery/http/handlers.go:188.16,189.46 1 1
github.com/cyansnbrst/pvz-service/internal/pvz/delivery/http/handlers.go:189.46,191.4 1 1
github.com/cyansnbrst/pvz-service/internal/pvz/delivery/http/handlers.go:192.3,192.50 1 0
github.com/cyansnbrst/pvz-service/internal/pvz/delivery/http/handlers.go:195.2,195.22 1 1
github.com/cyansnbrst/pvz-service/internal/pvz/delivery/http/handlers.go:195.22,197.3 1 0
github.com/cyansnbrst/pvz-service/internal/pvz/delivery/http/handlers.go:199.2,201.41 2 1
github.com/cyansnbrst/pvz-service/internal/pvz/delivery/http/handlers.go:205.58,207.16 2 1
github.com/cyansnbrst/pvz-service/internal/pvz/delivery/http/handlers.go:207.16,209.3 1 0
github.com/cyansnbrst/pvz-service/internal/pvz/delivery/http/handlers.go:211.2,211.37 1 1
github.com/cyansnbrst/pvz-service/internal/pvz/delivery/http/handlers.go:211.37,213.3 1 1
github.com/cyansnbrst/pvz-service/internal/pvz/delivery/http/handlers.go:215.2,217.37 2 1
github.com/cyansnbrst/pvz-service/internal/pvz/delivery/http/handlers.go:217.37,219.3 1 1
github.com/cyansnbrst/pvz-service/internal/pvz/delivery/http/handlers.go:221.2,221.45 1 1
github.com/cyansnbrst/pvz-service/internal/pvz/delivery/http/handlers.go:221.45,223.3 1 1
github.com/cyansnbrst/pvz-service/internal/pvz/delivery/http/handlers.go:225.2,231.29 2 1
github.com/cyansnbrst/pvz-service/internal/pvz/delivery/http/handlers.go:231.29,233.3 1 1
github.com/cyansnbrst/pvz-service/internal/pvz/delivery/http/handlers.go:235.2,236.16 2 1
github.com/cyansnbrst/pvz-service/internal/pvz/delivery/http/handlers.go:236.16,237.44 1 1
github.com/cyansnbrst/pvz-service/internal/pvz/delivery/http/handlers.go:237.44,239.4 1 1
github.com/cyansnbrst/pvz-service/internal/pvz/delivery/http/handlers.go:240.3,240.50 1 0
github.com/cyansnbrst/pvz-service/internal/pvz/delivery/http/handlers.go:243.2,243.22 1 1
github.com/cyansnbrst/pvz-service/internal/pvz/delivery/http/handlers.go:243.22,245.3 1 0
github.com/cyansnbrst/pvz-service/internal/pvz/delivery/http/handlers.go:247.2,249.41 2 1
github.com/cyansnbrst/pvz-service/internal/pvz/delivery/http/handlers.go:253.100,255.16 2 1
github.com/cyansnbrst/pvz-service/internal/pvz/delivery/http/handlers.go:255.16,257.3 1 0
github.com/cyansnbrst/pvz-service/internal/pvz/delivery/http/handlers.go:259.2,259.37 1 1
github.com/cyansnbrst/pvz-service/internal/pvz/delivery/http/handlers.go:259.37,261.3 1 1
github.com/cyansnbrst/pvz-service/internal/pvz/delivery/http/handlers.go:263.2,264.16 2 1
github.com/cyansnbrst/pvz-service/internal/pvz/delivery/http/handlers.go:264.16,265.80 1 1
github.com/cyansnbrst/pvz-service/internal/pvz/delivery/http/handlers.go:265.80,267.4 1 1
github.com/cyansnbrst/pvz-service/internal/pvz/delivery/http/handlers.go:268.3,268.50 1 0
github.com/cyansnbrst/pvz-service/internal/pvz/delivery/http/handlers.go:271.2,271.35 1 1
github.com/cyansnbrst/pvz-service/internal/pvz/delivery/http/handlers.go:275.101,277.16 2 1
github.com/cyansnbrst/pvz-service/internal/pvz/delivery/http/handlers.go:277.16,279.3 1 0
github.com/cyansnbrst/pvz-service/internal/pvz/delivery/http/handlers.go:281.2,281.37 1 1
github.com/cyansnbrst/pvz-service/internal/pvz/delivery/http/handlers.go:281.37,283.3 1 1
github.com/cyansnbrst/pvz-service/internal/pvz/delivery/http/handlers.go:285.2,286.16 2 1
github.com/cyansnbrst/pvz-service/internal/pvz/delivery/http/handlers.go:286.16,287.44 1 1
github.com/cyansnbrst/pvz-service/internal/pvz/delivery/http/handlers.go:287.44,289.4 1 1
github.com/cyansnbrst/pvz-service/internal/pvz/delivery/http/handlers.go:290.3,290.50 1 0
github.com/cyansnbrst/pvz-service/internal/pvz/delivery/http/handlers.go:293.2,295.36 2 1
github.com/cyansnbrst/pvz-service/internal/pvz/delivery/http/handlers.go:299.80,301.16 2 1
github.com/cyansnbrst/pvz-service/internal/pvz/delivery/http/handlers.go:301.16,303.3 1 0
github.com/cyansnbrst/pvz-service/internal/pvz/delivery/http/handlers.go:305.2,305.73 1 1
github.com/cyansnbrst/pvz-service/internal/pvz/delivery/http/handlers.go:305.73,307.3 1 0
github.com/cyansnbrst/pvz-service/internal/pvz/delivery/http/handlers.go:309.2,310.16 2 1
github.com/cyansnbrst/pvz-service/internal/pvz/delivery/http/handlers.go:310.16,311.50 1 1
github.com/cyansnbrst/pvz-service/internal/pvz/delivery/http/handlers.go:311.50,313.4 1 1
github.com/cyansnbrst/pvz-service/internal/pvz/delivery/http/handlers.go:314.3,314.50 1 0
github.com/cyansnbrst/pvz-service/internal/pvz/delivery/http/handlers.go:317.2,318.27 2 1
github.com/cyansnbrst/pvz-service/internal/pvz/delivery/http/handlers.go:318.27,320.3 1 1
github.com/cyansnbrst/pvz-service/internal/pvz/delivery/http/handlers.go:322.2,322.36 1 1
github.com/cyansnbrst/pvz-service/internal/server/handlers.go:17.48,19.16 2 1
github.com/cyansnbrst/pvz-service/internal/server/handlers.go:19.16,21.3 1 1
github.com/cyansnbrst/pvz-service/internal/server/handlers.go:22.2,41.10 11 1
github.com/cyansnbrst/pvz-service/internal/server/server.go:30.82,36.2 1 1
github.com/cyansnbrst/pvz-service/internal/server/server.go:39.30,49.16 3 0
github.com/cyansnbrst/pvz-service/internal/server/server.go:49.16,51.3 1 0
github.com/cyansnbrst/pvz-service/internal/server/server.go:53.2,58.12 4 0
github.com/cyansnbrst/pvz-service/internal/server/server.go:58.12,62.96 2 0
github.com/cyansnbrst/pvz-service/internal/server/server.go:62.96,64.4 1 0
github.com/cyansnbrst/pvz-service/internal/server/server.go:67.2,67.12 1 0
github.com/cyansnbrst/pvz-service/internal/server/server.go:67.12,71.49 2 0
github.com/cyansnbrst/pvz-service/internal/server/server.go:71.49,73.4 1 0
github.com/cyansnbrst/pvz-service/internal/server/server.go:76.2,76.12 1 0
github.com/cyansnbrst/pvz-service/internal/server/server.go:76.12,88.52 7 0
github.com/cyansnbrst/pvz-service/internal/server/server.go:88.52,90.4 1 0
github.com/cyansnbrst/pvz-service/internal/server/server.go:92.3,94.23 2 0
github.com/cyansnbrst/pvz-service/internal/server/server.go:97.2,98.16 2 0
github.com/cyansnbrst/pvz-service/internal/server/server.go:98.16,100.3 1 0
github.com/cyansnbrst/pvz-service/internal/server/server.go:102.2,104.12 2 0
github.com/cyansnbrst/pvz-service/internal/server/services.go:10.37,14.2 3 0
github.com/cyansnbrst/pvz-service/pkg/auth/jwt/parsers.go:14.68,15.83 1 1
github.com/cyansnbrst/pvz-service/pkg/auth/jwt/parsers.go:15.83,16.58 1 1
github.com/cyansnbrst/pvz-service/pkg/auth/jwt/parsers.go:16.58,18.4 1 0
github.com/cyansnbrst/pvz-service/pkg/auth/jwt/parsers.go:19.3,19.29 1 1
github.com/cyansnbrst/pvz-service/pkg/auth/jwt/parsers.go:22.2,22.16 1 1
github.com/cyansnbrst/pvz-service/pkg/auth/jwt/parsers.go:22.16,23.126 1 1
github.com/cyansnbrst/pvz-service/pkg/auth/jwt/parsers.go:23.126,25.4 1 1
github.com/cyansnbrst/pvz-service/pkg/auth/jwt/parsers.go:26.3,26.17 1 0
github.com/cyansnbrst/pvz-service/pkg/auth/jwt/parsers.go:29.2,29.67 1 1
github.com/cyansnbrst/pvz-service/pkg/auth/jwt/parsers.go:29.67,31.10 2 1
github.com/cyansnbrst/pvz-service/pkg/auth/jwt/parsers.go:31.10,33.4 1 0
github.com/cyansnbrst/pvz-service/pkg/auth/jwt/parsers.go:34.3,34.36 1 1
github.com/cyansnbrst/pvz-service/pkg/auth/jwt/parsers.go:37.2,37.33 1 0
github.com/cyansnbrst/pvz-service/pkg/converters/grpc_mapper.go:11.43,17.2 1 0
github.com/cyansnbrst/pvz-service/pkg/converters/http_mapper.go:12.48,18.2 1 1
github.com/cyansnbrst/pvz-service/pkg/converters/http_mapper.go:21.45,27.2 1 1
github.com/cyansnbrst/pvz-service/pkg/converters/http_mapper.go:30.63,37.2 1 1
github.com/cyansnbrst/pvz-service/pkg/converters/http_mapper.go:40.57,47.2 1 1
github.com/cyansnbrst/pvz-service/pkg/converters/http_mapper.go:50.86,54.33 3 1
github.com/cyansnbrst/pvz-service/pkg/converters/http_mapper.go:54.33,58.32 3 1
github.com/cyansnbrst/pvz-service/pkg/converters/http_mapper.go:58.32,60.4 1 0
github.com/cyansnbrst/pvz-service/pkg/converters/http_mapper.go:62.3,65.4 1 1
github.com/cyansnbrst/pvz-service/pkg/converters/http_mapper.go:68.2,71.3 1 1
github.com/cyansnbrst/pvz-service/pkg/http_helpers/responses.go:18.57,24.2 1 0
github.com/cyansnbrst/pvz-service/pkg/http_helpers/responses.go:27.74,29.2 1 1
github.com/cyansnbrst/pvz-service/pkg/http_helpers/responses.go:32.74,35.2 2 0
github.com/cyansnbrst/pvz-service/pkg/http_helpers/responses.go:38.58,40.2 1 1
github.com/cyansnbrst/pvz-service/pkg/http_helpers/responses.go:43.49,45.2 1 1
github.com/cyansnbrst/pvz-service/pkg/metric/metric.go:33.59,40.60 3 1
github.com/cyansnbrst/pvz-service/pkg/metric/metric.go:40.60,42.3 1 1
github.com/cyansnbrst/pvz-service/pkg/metric/metric.go:44.2,51.55 2 1
github.com/cyansnbrst/pvz-service/pkg/metric/metric.go:51.55,53.3 1 0
github.com/cyansnbrst/pvz-service/pkg/metric/metric.go:55.2,62.56 2 1
github.com/cyansnbrst/pvz-service/pkg/metric/metric.go:62.56,64.3 1 0
github.com/cyansnbrst/pvz-service/pkg/metric/metric.go:66.2,70.61 2 1
github.com/cyansnbrst/pvz-service/pkg/metric/metric.go:70.61,72.3 1 0
github.com/cyansnbrst/pvz-service/pkg/metric/metric.go:74.2,78.68 2 1
github.com/cyansnbrst/pvz-service/pkg/metric/metric.go:78.68,80.3 1 0
github.com/cyansnbrst/pvz-service/pkg/metric/metric.go:82.2,86.64 2 1
github.com/cyansnbrst/pvz-service/pkg/metric/metric.go:86.64,88.3 1 0
github.com/cyansnbrst/pvz-service/pkg/metric/metric.go:90.2,90.80 1 1
github.com/cyansnbrst/pvz-service/pkg/metric/metric.go:90.80,92.3 1 0
github.com/cyansnbrst/pvz-service/pkg/metric/metric.go:94.2,94.12 1 1
github.com/cyansnbrst/pvz-service/pkg/metric/metric.go:94.12,98.48 4 1
github.com/cyansnbrst/pvz-service/pkg/metric/metric.go:98.48,100.4 1 0
github.com/cyansnbrst/pvz-service/pkg/metric/metric.go:103.2,103.19 1 1
github.com/cyansnbrst/pvz-service/pkg/metric/metric.go:107.73,110.2 2 1
github.com/cyansnbrst/pvz-service/pkg/metric/metric.go:113.106,115.2 1 1
github.com/cyansnbrst/pvz-service/pkg/metric/metric.go:118.48,120.2 1 0
github.com/cyansnbrst/pvz-service/pkg/metric/metric.go:123.55,125.2 1 0
github.com/cyansnbrst/pvz-service/pkg/metric/metric.go:128.51,130.2 1 0
github.com/cyansnbrst/pvz-service/protos/gen/proto/pvz/pvz.pb.go:34.23,39.2 4 0
github.com/cyansnbrst/pvz-service/protos/gen/proto/pvz/pvz.pb.go:41.31,43.2 1 0
github.com/cyansnbrst/pvz-service/protos/gen/proto/pvz/pvz.pb.go:45.29,45.30 0 0
github.com/cyansnbrst/pvz-service/protos/gen/proto/pvz/pvz.pb.go:47.51,49.14 2 0
github.com/cyansnbrst/pvz-service/protos/gen/proto/pvz/pvz.pb.go:49.14,51.34 2 0
github.com/cyansnbrst/pvz-service/protos/gen/proto/pvz/pvz.pb.go:51.34,53.4 1 0
github.com/cyansnbrst/pvz-service/protos/gen/proto/pvz/pvz.pb.go:54.3,54.12 1 0
github.com/cyansnbrst/pvz-service/protos/gen/proto/pvz/pvz.pb.go:56.2,56.24 1 0
github.com/cyansnbrst/pvz-service/protos/gen/proto/pvz/pvz.pb.go:60.42,62.2 1 0
github.com/cyansnbrst/pvz-service/protos/gen/proto/pvz/pvz.pb.go:64.30,65.14 1 0
github.com/cyansnbrst/pvz-service/protos/gen/proto/pvz/pvz.pb.go:65.14,67.3 1 0
github.com/cyansnbrst/pvz-service/protos/gen/proto/pvz/pvz.pb.go:68.2,68.11 1 0
github.com/cyansnbrst/pvz-service/protos/gen/proto/pvz/pvz.pb.go:71.60,72.14 1 0
github.com/cyansnbrst/pvz-service/protos/gen/proto/pvz/pvz.pb.go:72.14,74.3 1 0
github.com/cyansnbrst/pvz-service/protos/gen/proto/pvz/pvz.pb.go:75.2,75.12 1 0
github.com/cyansnbrst/pvz-service/protos/gen/proto/pvz/pvz.pb.go:78.32,79.14 1 0
github.com/cyansnbrst/pvz-service/protos/gen/proto/pvz/pvz.pb.go:79.14,81.3 1 0
github.com/cyansnbrst/pvz-service/protos/gen/proto/pvz/pvz.pb.go:82.2,82.11 1 0
github.com/cyansnbrst/pvz-service/protos/gen/proto/pvz/pvz.pb.go:91.37,96.2 4 0
github.com/cyansnbrst/pvz-service/protos/gen/proto/pvz/pvz.pb.go:98.45,100.2 1 0
github.com/cyansnbrst/pvz-service/protos/gen/proto/pvz/pvz.pb.go:102.43,102.44 0 0
github.com/cyansnbrst/pvz-service/protos/gen/proto/pvz/pvz.pb.go:104.65,106.14 2 0
github.com/cyansnbrst/pvz-service/protos/gen/proto/pvz/pvz.pb.go:106.14,108.34 2 0
github.com/cyansnbrst/pvz-service/protos/gen/proto/pvz/pvz.pb.go:108.34,110.4 1 0
github.com/cyansnbrst/pvz-service/protos/gen/proto/pvz/pvz.pb.go:111.3,111.12 1 0
github.com/cyansnbrst/pvz-service/protos/gen/proto/pvz/pvz.pb.go:113.2,113.24 1 0
github.com/cyansnbrst/pvz-service/protos/gen/proto/pvz/pvz.pb.go:117.56,119.2 1 0
github.com/cyansnbrst/pvz-service/protos/gen/proto/pvz/pvz.pb.go:128.38,133.2 4 0
github.com/cyansnbrst/pvz-service/protos/gen/proto/pvz/pvz.pb.go:135.46,137.2 1 0
github.com/cyansnbrst/pvz-service/protos/gen/proto/pvz/pvz.pb.go:139.44,139.45 0 0
github.com/cyansnbrst/pvz-service/protos/gen/proto/pvz/pvz.pb.go:141.66,143.14 2 0
github.com/cyansnbrst/pvz-service/protos/gen/proto/pvz/pvz.pb.go:143.14,145.34 2 0
github.com/cyansnbrst/pvz-service/protos/gen/proto/pvz/pvz.pb.go:145.34,147.4 1 0
github.com/cyansnbrst/pvz-service/protos/gen/proto/pvz/pvz.pb.go:148.3,148.12 1 0
github.com/cyansnbrst/pvz-service/protos/gen/proto/pvz/pvz.pb.go:150.2,150.24 1 0
github.com/cyansnbrst/pvz-service/protos/gen/proto/pvz/pvz.pb.go:154.57,156.2 1 0
github.com/cyansnbrst/pvz-service/protos/gen/proto/pvz/pvz.pb.go:158.47,159.14 1 0
github.com/cyansnbrst/pvz-service/protos/gen/proto/pvz/pvz.pb.go:159.14,161.3 1 0
github.com/cyansnbrst/pvz-service/protos/gen/proto/pvz/pvz.pb.go:162.2,162.12 1 0
github.com/cyansnbrst/pvz-service/protos/gen/proto/pvz/pvz.pb.go:187.52,188.49 1 0
github.com/cyansnbrst/pvz-service/protos/gen/proto/pvz/pvz.pb.go:188.49,190.3 1 0
github.com/cyansnbrst/pvz-service/protos/gen/proto/pvz/pvz.pb.go:191.2,191.45 1 0
github.com/cyansnbrst/pvz-service/protos/gen/proto/pvz/pvz.pb.go:213.13,213.48 1 1
github.com/cyansnbrst/pvz-service/protos/gen/proto/pvz/pvz.pb.go:214.38,215.37 1 1
github.com/cyansnbrst/pvz-service/protos/gen/proto/pvz/pvz.pb.go:215.37,217.3 1 0
github.com/cyansnbrst/pvz-service/protos/gen/proto/pvz/pvz.pb.go:218.2,234.40 5 1
github.com/cyansnbrst/pvz-service/protos/gen/proto/pvz/pvz_grpc.pb.go:36.72,38.2 1 0
github.com/cyansnbrst/pvz-service/protos/gen/proto/pvz/pvz_grpc.pb.go:40.137,44.16 4 0
github.com/cyansnbrst/pvz-service/protos/gen/proto/pvz/pvz_grpc.pb.go:44.16,46.3 1 0
github.com/cyansnbrst/pvz-service/protos/gen/proto/pvz/pvz_grpc.pb.go:47.2,47.17 1 0
github.com/cyansnbrst/pvz-service/protos/gen/proto/pvz/pvz_grpc.pb.go:65.115,67.2 1 0
github.com/cyansnbrst/pvz-service/protos/gen/proto/pvz/pvz_grpc.pb.go:68.80,68.81 0 0
github.com/cyansnbrst/pvz-service/protos/gen/proto/pvz/pvz_grpc.pb.go:69.80,69.81 0 0
github.com/cyansnbrst/pvz-service/protos/gen/proto/pvz/pvz_grpc.pb.go:78.78,83.59 1 0
github.com/cyansnbrst/pvz-service/protos/gen/proto/pvz/pvz_grpc.pb.go:83.59,85.3 1 0
github.com/cyansnbrst/pvz-service/protos/gen/proto/pvz/pvz_grpc.pb.go:86.2,86.49 1 0
github.com/cyansnbrst/pvz-service/protos/gen/proto/pvz/pvz_grpc.pb.go:89.166,91.32 2 0
github.com/cyansnbrst/pvz-service/protos/gen/proto/pvz/pvz_grpc.pb.go:91.32,93.3 1 0
github.com/cyansnbrst/pvz-service/protos/gen/proto/pvz/pvz_grpc.pb.go:94.2,94.24 1 0
github.com/cyansnbrst/pvz-service/protos/gen/proto/pvz/pvz_grpc.pb.go:94.24,96.3 1 0
github.com/cyansnbrst/pvz-service/protos/gen/proto/pvz/pvz_grpc.pb.go:97.2,101.77 2 0
github.com/cyansnbrst/pvz-service/protos/gen/proto/pvz/pvz_grpc.pb.go:101.77,103.3 1 0
github.com/cyansnbrst/pvz-service/protos/gen/proto/pvz/pvz_grpc.pb.go:104.2,104.44 1 0
github.com/cyansnbrst/pvz-service/tests/setup.go:38.38,57.37 7 1
github.com/cyansnbrst/pvz-service/tests/setup.go:57.37,60.3 2 1
github.com/cyansnbrst/pvz-service/tests/setup.go:61.2,69.32 6 1
github.com/cyansnbrst/pvz-service/tests/setup.go:69.32,72.17 3 1
github.com/cyansnbrst/pvz-service/tests/setup.go:72.17,74.4 1 0
github.com/cyansnbrst/pvz-service/tests/setup.go:75.3,76.26 2 1
github.com/cyansnbrst/pvz-service/tests/setup.go:78.2,88.26 8 1
github.com/cyansnbrst/pvz-service/tests/setup.go:91.53,108.2 9 1
github.com/cyansnbrst/pvz-service/tests/setup.go:110.41,111.21 1 1
github.com/cyansnbrst/pvz-service/tests/setup.go:111.21,113.3 1 1
github.com/cyansnbrst/pvz-service/tests/setup.go:115.2,115.24 1 1
github.com/cyansnbrst/pvz-service/tests/setup.go:115.24,117.17 2 1
github.com/cyansnbrst/pvz-service/tests/setup.go:117.17,119.4 1 0
github.com/cyansnbrst/pvz-service/tests/setup.go:123.72,146.2 15 1
